#
# A fatal error has been detected by the Java Runtime Environment:
#
#  SIGSEGV (0xb) at pc=0x00007f18660fc583, pid=32305, tid=139742408234752
#
# JRE version: Java(TM) SE Runtime Environment (8.0_91-b14) (build 1.8.0_91-b14)
# Java VM: Java HotSpot(TM) 64-Bit Server VM (25.91-b14 mixed mode linux-amd64 compressed oops)
# Problematic frame:
# V  [libjvm.so+0x986583]  oopDesc* PSPromotionManager::copy_to_survivor_space<false>(oopDesc*)+0x143
#
# Failed to write core dump. Core dumps have been disabled. To enable core dumping, try "ulimit -c unlimited" before starting Java again
#
# If you would like to submit a bug report, please visit:
#   http://bugreport.java.com/bugreport/crash.jsp
#

---------------  T H R E A D  ---------------

Current thread (0x00007f1860024800):  GCTaskThread [stack: 0x00007f18508a5000,0x00007f18509a6000] [id=32313]

siginfo: si_signo: 11 (SIGSEGV), si_code: 2 (SEGV_ACCERR), si_addr: 0x0000000102000b70

Registers:
RAX=0x00007f18666f9490, RBX=0x00000000c1274388, RCX=0x0000000000000003, RDX=0x0000000000000001
RSP=0x00007f18509a4ad0, RBP=0x00007f18509a4b40, RSI=0x00000000ed0a2a08, RDI=0x0000000102000b68
R8 =0x00000000c1274370, R9 =0x00007f186672ced0, R10=0x00007f186671d879, R11=0x00007f18509a4a80
R12=0x00000000ed0a2a08, R13=0x0000000000000001, R14=0x0000000000000000, R15=0x00007f1860075468
RIP=0x00007f18660fc583, EFLAGS=0x0000000000010202, CSGSFS=0x0000000000000033, ERR=0x0000000000000004
  TRAPNO=0x000000000000000e

Top of Stack: (sp=0x00007f18509a4ad0)
0x00007f18509a4ad0:   00000000c10c3788 00007f186671d879
0x00007f18509a4ae0:   00007f1860075428 00007f1860075400
0x00007f18509a4af0:   00000000c1272eb8 0000000000000400
0x00007f18509a4b00:   00000000ed0a6b0a 00000000c10c39c8
0x00007f18509a4b10:   00007f18509a4b70 00000000c1274388
0x00007f18509a4b20:   00007f1860075400 00007f18666f9480
0x00007f18509a4b30:   0000000000000000 00007f1860075468
0x00007f18509a4b40:   00007f18509a4c30 00007f18660fbe50
0x00007f18509a4b50:   00000000edf21458 00007f18509a4bc0
0x00007f18509a4b60:   00007f18509a4bd0 00007f18509a4b90
0x00007f18509a4b70:   00007f18509a4ba0 00007f18509a4bf0
0x00007f18509a4b80:   00007f18509a4c00 00007f1860075498
0x00007f18509a4b90:   0000000100082580 00007f1860075400
0x00007f18509a4ba0:   00007f18509a4c00 00007f1865dbbb90
0x00007f18509a4bb0:   00000000c0d8e1f1 00007f186672ced0
0x00007f18509a4bc0:   00000000c0d8fe55 00007f1866742fb8
0x00007f18509a4bd0:   00007f1860075400 0000000000000001
0x00007f18509a4be0:   00007f1860024d10 00007f18662bc13b
0x00007f18509a4bf0:   00000000c1274389 00007f18660ff4e5
0x00007f18509a4c00:   00007f18509a4cc0 00007f1860026eb0
0x00007f18509a4c10:   00007f1860075400 0000000000000001
0x00007f18509a4c20:   00007f1860024d10 00007f18662bc13b
0x00007f18509a4c30:   00007f18509a4cf0 00007f18660ff892
0x00007f18509a4c40:   00007f1860017940 00007f1860075498
0x00007f18509a4c50:   00000000c0dd0000 0000000000000200
0x00007f18509a4c60:   00000000c0dd0000 00007f1850e05e54
0x00007f18509a4c70:   00007f186001ec00 00007f1860024800
0x00007f18509a4c80:   00007f18666d09f0 0000000000000000
0x00007f18509a4c90:   00007f1860075400 00007f186604dfbb
0x00007f18509a4ca0:   00007f18666d0870 00007f186001eb00
0x00007f18509a4cb0:   00007f1860075400 00007f1865d4ab57
0x00007f18509a4cc0:   00007f18509a4cf0 00007f1860026eb0 

Instructions: (pc=0x00007f18660fc583)
0x00007f18660fc563:   83 e0 07 48 83 f8 05 75 d3 31 db eb d6 48 8b 05
0x00007f18660fc573:   31 df 5d 00 8b 7e 08 8b 48 08 48 d3 e7 48 03 38
0x00007f18660fc583:   8b 77 08 83 fe 00 0f 8f 0a ff ff ff 0f 85 4b 02
0x00007f18660fc593:   00 00 0f 1f 00 48 8b 07 4c 89 e6 4c 89 55 98 ff 

Register to memory mapping:

RAX=0x00007f18666f9490: <offset 0xf83490> in /usr/lib/jvm/java-8-oracle/jre/lib/amd64/server/libjvm.so at 0x00007f1865776000
RBX=0x00000000c1274388 is pointing into object: 0x00000000c1274370
com.android.dx.util.IntList 
 - klass: 'com/android/dx/util/IntList'
RCX=0x0000000000000003 is an unknown value
RDX=0x0000000000000001 is an unknown value
RSP=0x00007f18509a4ad0 is an unknown value
RBP=0x00007f18509a4b40 is an unknown value
RSI=0x00000000ed0a2a08 is an oop

[error occurred during error reporting (printing register info), id 0xb]

Stack: [0x00007f18508a5000,0x00007f18509a6000],  sp=0x00007f18509a4ad0,  free space=1022k
Native frames: (J=compiled Java code, j=interpreted, Vv=VM code, C=native code)
V  [libjvm.so+0x986583]  oopDesc* PSPromotionManager::copy_to_survivor_space<false>(oopDesc*)+0x143
V  [libjvm.so+0x985e50]  PSPromotionManager::drain_stacks_depth(bool)+0x830
V  [libjvm.so+0x989892]  ScavengeRootsTask::do_it(GCTaskManager*, unsigned int)+0x82
V  [libjvm.so+0x5d584f]  GCTaskThread::run()+0x12f
V  [libjvm.so+0x91ef78]  java_start(Thread*)+0x108


---------------  P R O C E S S  ---------------

Java Threads: ( => current thread )
  0x00007f1860152800 JavaThread "pool-2-thread-4" [_thread_blocked, id=32367, stack(0x00007f1817afb000,0x00007f1817bfc000)]
  0x00007f1860151000 JavaThread "pool-2-thread-3" [_thread_blocked, id=32366, stack(0x00007f1817bfc000,0x00007f1817cfd000)]
  0x00007f186014f800 JavaThread "pool-2-thread-2" [_thread_blocked, id=32365, stack(0x00007f1817cfd000,0x00007f1817dfe000)]
  0x00007f186013c000 JavaThread "pool-3-thread-1" [_thread_blocked, id=32362, stack(0x00007f1817dfe000,0x00007f1817eff000)]
  0x00007f186013a000 JavaThread "pool-2-thread-1" [_thread_blocked, id=32361, stack(0x00007f1817eff000,0x00007f1818000000)]
  0x00007f18600db800 JavaThread "Service Thread" daemon [_thread_blocked, id=32332, stack(0x00007f184c1a0000,0x00007f184c2a1000)]
  0x00007f18600be000 JavaThread "C1 CompilerThread2" daemon [_thread_blocked, id=32331, stack(0x00007f184c2a1000,0x00007f184c3a2000)]
  0x00007f18600bc800 JavaThread "C2 CompilerThread1" daemon [_thread_blocked, id=32329, stack(0x00007f184c3a2000,0x00007f184c4a3000)]
  0x00007f18600b9800 JavaThread "C2 CompilerThread0" daemon [_thread_blocked, id=32328, stack(0x00007f184c4a3000,0x00007f184c5a4000)]
  0x00007f18600b8000 JavaThread "Signal Dispatcher" daemon [_thread_blocked, id=32327, stack(0x00007f184c5a4000,0x00007f184c6a5000)]
  0x00007f1860084000 JavaThread "Finalizer" daemon [_thread_blocked, id=32317, stack(0x00007f184c992000,0x00007f184ca93000)]
  0x00007f186007f800 JavaThread "Reference Handler" daemon [_thread_blocked, id=32315, stack(0x00007f184ca93000,0x00007f184cb94000)]
  0x00007f186000a000 JavaThread "main" [_thread_blocked, id=32307, stack(0x00007f186724d000,0x00007f186734e000)]

Other Threads:
  0x00007f1860077800 VMThread [stack: 0x00007f184cb94000,0x00007f184cc95000] [id=32314]
  0x00007f18600de800 WatcherThread [stack: 0x00007f184c09f000,0x00007f184c1a0000] [id=32334]

=>0x00007f1860024800 (exited) GCTaskThread [stack: 0x00007f18508a5000,0x00007f18509a6000] [id=32313]

VM state:at safepoint (normal execution)

VM Mutex/Monitor currently owned by a thread:  ([mutex/lock_event])
[0x00007f1860006490] Threads_lock - owner thread: 0x00007f1860077800
[0x00007f1860006990] Heap_lock - owner thread: 0x00007f186013a000

Heap:
 PSYoungGen      total 52736K, used 52723K [0x00000000eab00000, 0x00000000ee200000, 0x0000000100000000)
  eden space 49152K, 100% used [0x00000000eab00000,0x00000000edb00000,0x00000000edb00000)
  from space 3584K, 99% used [0x00000000ede80000,0x00000000ee1fcf28,0x00000000ee200000)
  to   space 3584K, 99% used [0x00000000edb00000,0x00000000ede7ded8,0x00000000ede80000)
 ParOldGen       total 64512K, used 22349K [0x00000000c0000000, 0x00000000c3f00000, 0x00000000eab00000)
  object space 64512K, 34% used [0x00000000c0000000,0x00000000c15d3608,0x00000000c3f00000)
 Metaspace       used 5664K, capacity 6832K, committed 7040K, reserved 1056768K
  class space    used 575K, capacity 616K, committed 640K, reserved 1048576K

Card table byte_map: [0x00007f1850dff000,0x00007f1851000000] byte_map_base: 0x00007f18507ff000

Marking Bits: (ParMarkBitMap*) 0x00007f186672cd60
 Begin Bits: [0x00007f184e8a5000, 0x00007f184f8a5000)
 End Bits:   [0x00007f184f8a5000, 0x00007f18508a5000)

Polling page: 0x00007f186737b000

CodeCache: size=245760Kb used=4497Kb max_used=4499Kb free=241262Kb
 bounds [0x00007f1851000000, 0x00007f1851470000, 0x00007f1860000000]
 total_blobs=1341 nmethods=1080 adapters=175
 compilation: enabled

Compilation events (10 events):
Event: 6.008 Thread 0x00007f18600be000 nmethod 1332 0x00007f1851448010 code [0x00007f1851448180, 0x00007f1851448308]
Event: 6.008 Thread 0x00007f18600be000 1350       2       com.android.dx.cf.direct.DirectClassFile::getConstantPool (9 bytes)
Event: 6.008 Thread 0x00007f18600be000 nmethod 1350 0x00007f1851447c50 code [0x00007f1851447dc0, 0x00007f1851447f48]
Event: 6.008 Thread 0x00007f18600be000 1369       2       com.android.dx.rop.cst.CstString::compareTo0 (15 bytes)
Event: 6.009 Thread 0x00007f18600be000 nmethod 1369 0x00007f1851447810 code [0x00007f1851447980, 0x00007f1851447b28]
Event: 6.009 Thread 0x00007f18600be000 1341       2       com.android.dx.cf.code.SwitchList::add (35 bytes)
Event: 6.009 Thread 0x00007f18600be000 nmethod 1341 0x00007f1851447110 code [0x00007f18514472c0, 0x00007f18514475f8]
Event: 6.009 Thread 0x00007f18600be000 1351       2       com.android.dx.rop.code.RegisterSpecSet::<init> (27 bytes)
Event: 6.031 Thread 0x00007f18600be000 nmethod 1351 0x00007f1851446cd0 code [0x00007f1851446e40, 0x00007f1851447050]
Event: 6.031 Thread 0x00007f18600be000 1392   !   2       com.android.dx.cf.code.BytecodeArray::parseInstruction (2764 bytes)

GC Heap History (5 events):
Event: 2.416 GC heap before
{Heap before GC invocations=1 (full 0):
 PSYoungGen      total 28160K, used 24576K [0x00000000eab00000, 0x00000000eca00000, 0x0000000100000000)
  eden space 24576K, 100% used [0x00000000eab00000,0x00000000ec300000,0x00000000ec300000)
  from space 3584K, 0% used [0x00000000ec680000,0x00000000ec680000,0x00000000eca00000)
  to   space 3584K, 0% used [0x00000000ec300000,0x00000000ec300000,0x00000000ec680000)
 ParOldGen       total 64512K, used 0K [0x00000000c0000000, 0x00000000c3f00000, 0x00000000eab00000)
  object space 64512K, 0% used [0x00000000c0000000,0x00000000c0000000,0x00000000c3f00000)
 Metaspace       used 5540K, capacity 6768K, committed 7040K, reserved 1056768K
  class space    used 574K, capacity 616K, committed 640K, reserved 1048576K
Event: 2.451 GC heap after
Heap after GC invocations=1 (full 0):
 PSYoungGen      total 28160K, used 3580K [0x00000000eab00000, 0x00000000ee200000, 0x0000000100000000)
  eden space 24576K, 0% used [0x00000000eab00000,0x00000000eab00000,0x00000000ec300000)
  from space 3584K, 99% used [0x00000000ec300000,0x00000000ec67f0b0,0x00000000ec680000)
  to   space 3584K, 0% used [0x00000000ede80000,0x00000000ede80000,0x00000000ee200000)
 ParOldGen       total 64512K, used 3158K [0x00000000c0000000, 0x00000000c3f00000, 0x00000000eab00000)
  object space 64512K, 4% used [0x00000000c0000000,0x00000000c0315a00,0x00000000c3f00000)
 Metaspace       used 5540K, capacity 6768K, committed 7040K, reserved 1056768K
  class space    used 574K, capacity 616K, committed 640K, reserved 1048576K
}
Event: 4.157 GC heap before
{Heap before GC invocations=2 (full 0):
 PSYoungGen      total 28160K, used 28156K [0x00000000eab00000, 0x00000000ee200000, 0x0000000100000000)
  eden space 24576K, 100% used [0x00000000eab00000,0x00000000ec300000,0x00000000ec300000)
  from space 3584K, 99% used [0x00000000ec300000,0x00000000ec67f0b0,0x00000000ec680000)
  to   space 3584K, 0% used [0x00000000ede80000,0x00000000ede80000,0x00000000ee200000)
 ParOldGen       total 64512K, used 3158K [0x00000000c0000000, 0x00000000c3f00000, 0x00000000eab00000)
  object space 64512K, 4% used [0x00000000c0000000,0x00000000c0315a00,0x00000000c3f00000)
 Metaspace       used 5601K, capacity 6832K, committed 7040K, reserved 1056768K
  class space    used 574K, capacity 616K, committed 640K, reserved 1048576K
Event: 4.248 GC heap after
Heap after GC invocations=2 (full 0):
 PSYoungGen      total 52736K, used 3571K [0x00000000eab00000, 0x00000000ee200000, 0x0000000100000000)
  eden space 49152K, 0% used [0x00000000eab00000,0x00000000eab00000,0x00000000edb00000)
  from space 3584K, 99% used [0x00000000ede80000,0x00000000ee1fcf28,0x00000000ee200000)
  to   space 3584K, 0% used [0x00000000edb00000,0x00000000edb00000,0x00000000ede80000)
 ParOldGen       total 64512K, used 14258K [0x00000000c0000000, 0x00000000c3f00000, 0x00000000eab00000)
  object space 64512K, 22% used [0x00000000c0000000,0x00000000c0dec9a0,0x00000000c3f00000)
 Metaspace       used 5601K, capacity 6832K, committed 7040K, reserved 1056768K
  class space    used 574K, capacity 616K, committed 640K, reserved 1048576K
}
Event: 6.113 GC heap before
{Heap before GC invocations=3 (full 0):
 PSYoungGen      total 52736K, used 52723K [0x00000000eab00000, 0x00000000ee200000, 0x0000000100000000)
  eden space 49152K, 100% used [0x00000000eab00000,0x00000000edb00000,0x00000000edb00000)
  from space 3584K, 99% used [0x00000000ede80000,0x00000000ee1fcf28,0x00000000ee200000)
  to   space 3584K, 0% used [0x00000000edb00000,0x00000000edb00000,0x00000000ede80000)
 ParOldGen       total 64512K, used 14258K [0x00000000c0000000, 0x00000000c3f00000, 0x00000000eab00000)
  object space 64512K, 22% used [0x00000000c0000000,0x00000000c0dec9a0,0x00000000c3f00000)
 Metaspace       used 5664K, capacity 6832K, committed 7040K, reserved 1056768K
  class space    used 575K, capacity 616K, committed 640K, reserved 1048576K

Deoptimization events (10 events):
Event: 3.921 Thread 0x00007f1860152800 Uncommon trap: reason=bimorphic action=maybe_recompile pc=0x00007f1851347e4c method=com.android.dx.cf.code.BytecodeArray.parseInstruction(ILcom/android/dx/cf/code/BytecodeArray$Visitor;)I @ 971
Event: 3.923 Thread 0x00007f1860152800 Uncommon trap: reason=bimorphic action=maybe_recompile pc=0x00007f1851347e4c method=com.android.dx.cf.code.BytecodeArray.parseInstruction(ILcom/android/dx/cf/code/BytecodeArray$Visitor;)I @ 971
Event: 3.925 Thread 0x00007f1860152800 Uncommon trap: reason=bimorphic action=maybe_recompile pc=0x00007f1851347e4c method=com.android.dx.cf.code.BytecodeArray.parseInstruction(ILcom/android/dx/cf/code/BytecodeArray$Visitor;)I @ 971
Event: 4.888 Thread 0x00007f1860152800 Uncommon trap: reason=class_check action=maybe_recompile pc=0x00007f185127fd9c method=com.android.dx.ssa.NormalSsaInsn.accept(Lcom/android/dx/ssa/SsaInsn$Visitor;)V @ 9
Event: 4.888 Thread 0x00007f1860152800 Uncommon trap: reason=class_check action=maybe_recompile pc=0x00007f185127fd9c method=com.android.dx.ssa.NormalSsaInsn.accept(Lcom/android/dx/ssa/SsaInsn$Visitor;)V @ 9
Event: 4.895 Thread 0x00007f1860152800 Uncommon trap: reason=class_check action=maybe_recompile pc=0x00007f185127fd9c method=com.android.dx.ssa.NormalSsaInsn.accept(Lcom/android/dx/ssa/SsaInsn$Visitor;)V @ 9
Event: 4.895 Thread 0x00007f1860152800 Uncommon trap: reason=class_check action=maybe_recompile pc=0x00007f185127fd9c method=com.android.dx.ssa.NormalSsaInsn.accept(Lcom/android/dx/ssa/SsaInsn$Visitor;)V @ 9
Event: 5.470 Thread 0x00007f186013a000 Uncommon trap: reason=unstable_if action=reinterpret pc=0x00007f18513e02c4 method=com.android.dx.rop.code.RegisterSpecSet.intersect(Lcom/android/dx/rop/code/RegisterSpecSet;Z)V @ 51
Event: 6.026 Thread 0x00007f186000a000 Uncommon trap: reason=bimorphic action=maybe_recompile pc=0x00007f185145a324 method=com.android.dx.cf.code.BytecodeArray.parseInstruction(ILcom/android/dx/cf/code/BytecodeArray$Visitor;)I @ 1130
Event: 6.026 Thread 0x00007f186000a000 Uncommon trap: reason=bimorphic action=maybe_recompile pc=0x00007f185145a324 method=com.android.dx.cf.code.BytecodeArray.parseInstruction(ILcom/android/dx/cf/code/BytecodeArray$Visitor;)I @ 1130

Internal exceptions (2 events):
Event: 0.162 Thread 0x00007f186000a000 Exception <a 'java/lang/NoSuchMethodError': Method sun.misc.Unsafe.defineClass(Ljava/lang/String;[BII)Ljava/lang/Class; name or signature does not match> (0x00000000eab07cc0) thrown at [/HUDSON/workspace/8-2-build-linux-amd64/jdk8u91/6644/hotspot/src/shar
Event: 0.162 Thread 0x00007f186000a000 Exception <a 'java/lang/NoSuchMethodError': Method sun.misc.Unsafe.prefetchRead(Ljava/lang/Object;J)V name or signature does not match> (0x00000000eab07fa8) thrown at [/HUDSON/workspace/8-2-build-linux-amd64/jdk8u91/6644/hotspot/src/share/vm/prims/jni.cpp

Events (10 events):
Event: 5.827 Thread 0x00007f186000a000 DEOPT UNPACKING pc=0x00007f1851047633 sp=0x00007f186734b638 mode 0
Event: 5.859 Thread 0x00007f186000a000 DEOPT PACKING pc=0x00007f185133a285 sp=0x00007f186734b6e0
Event: 5.859 Thread 0x00007f186000a000 DEOPT UNPACKING pc=0x00007f1851047633 sp=0x00007f186734b3f8 mode 0
Event: 6.026 Thread 0x00007f186000a000 Uncommon trap: trap_request=0xffffffc6 fr.pc=0x00007f185145a324
Event: 6.026 Thread 0x00007f186000a000 DEOPT PACKING pc=0x00007f185145a324 sp=0x00007f186734b360
Event: 6.026 Thread 0x00007f186000a000 DEOPT UNPACKING pc=0x00007f1851005229 sp=0x00007f186734b2f8 mode 2
Event: 6.026 Thread 0x00007f186000a000 Uncommon trap: trap_request=0xffffffc6 fr.pc=0x00007f185145a324
Event: 6.026 Thread 0x00007f186000a000 DEOPT PACKING pc=0x00007f185145a324 sp=0x00007f186734b360
Event: 6.026 Thread 0x00007f186000a000 DEOPT UNPACKING pc=0x00007f1851005229 sp=0x00007f186734b2f8 mode 2
Event: 6.094 Executing VM operation: ParallelGCFailedAllocation


Dynamic libraries:
00400000-00401000 r-xp 00000000 08:01 3016174                            /usr/lib/jvm/java-8-oracle/bin/java
00600000-00601000 rw-p 00000000 08:01 3016174                            /usr/lib/jvm/java-8-oracle/bin/java
01c87000-01ca8000 rw-p 00000000 00:00 0                                  [heap]
c0000000-c3f00000 rw-p 00000000 00:00 0 
c3f00000-eab00000 ---p 00000000 00:00 0 
eab00000-ee200000 rw-p 00000000 00:00 0 
ee200000-100000000 ---p 00000000 00:00 0 
100000000-1000a0000 rw-p 00000000 00:00 0 
1000a0000-140000000 ---p 00000000 00:00 0 
7f1800000000-7f1800045000 rw-p 00000000 00:00 0 
7f1800045000-7f1804000000 ---p 00000000 00:00 0 
7f1804000000-7f1804021000 rw-p 00000000 00:00 0 
7f1804021000-7f1808000000 ---p 00000000 00:00 0 
7f1808000000-7f1808021000 rw-p 00000000 00:00 0 
7f1808021000-7f180c000000 ---p 00000000 00:00 0 
7f180c000000-7f180c02b000 rw-p 00000000 00:00 0 
7f180c02b000-7f1810000000 ---p 00000000 00:00 0 
7f1810000000-7f181003a000 rw-p 00000000 00:00 0 
7f181003a000-7f1814000000 ---p 00000000 00:00 0 
7f1817afb000-7f1817afe000 ---p 00000000 00:00 0 
7f1817afe000-7f1817bfc000 rw-p 00000000 00:00 0 
7f1817bfc000-7f1817bff000 ---p 00000000 00:00 0 
7f1817bff000-7f1817cfd000 rw-p 00000000 00:00 0 
7f1817cfd000-7f1817d00000 ---p 00000000 00:00 0 
7f1817d00000-7f1817dfe000 rw-p 00000000 00:00 0 
7f1817dfe000-7f1817e01000 ---p 00000000 00:00 0 
7f1817e01000-7f1817eff000 rw-p 00000000 00:00 0 
7f1817eff000-7f1817f02000 ---p 00000000 00:00 0 
7f1817f02000-7f1818000000 rw-p 00000000 00:00 0 
7f1818000000-7f1818021000 rw-p 00000000 00:00 0 
7f1818021000-7f181c000000 ---p 00000000 00:00 0 
7f181c000000-7f181c021000 rw-p 00000000 00:00 0 
7f181c021000-7f1820000000 ---p 00000000 00:00 0 
7f1820000000-7f1820702000 rw-p 00000000 00:00 0 
7f1820702000-7f1824000000 ---p 00000000 00:00 0 
7f1824000000-7f1824669000 rw-p 00000000 00:00 0 
7f1824669000-7f1828000000 ---p 00000000 00:00 0 
7f1828000000-7f1828021000 rw-p 00000000 00:00 0 
7f1828021000-7f182c000000 ---p 00000000 00:00 0 
7f182c000000-7f182ca10000 rw-p 00000000 00:00 0 
7f182ca10000-7f1830000000 ---p 00000000 00:00 0 
7f1830000000-7f1830021000 rw-p 00000000 00:00 0 
7f1830021000-7f1834000000 ---p 00000000 00:00 0 
7f1834000000-7f1834021000 rw-p 00000000 00:00 0 
7f1834021000-7f1838000000 ---p 00000000 00:00 0 
7f1838000000-7f183828c000 rw-p 00000000 00:00 0 
7f183828c000-7f183c000000 ---p 00000000 00:00 0 
7f183c000000-7f183c021000 rw-p 00000000 00:00 0 
7f183c021000-7f1840000000 ---p 00000000 00:00 0 
7f1840000000-7f1840021000 rw-p 00000000 00:00 0 
7f1840021000-7f1844000000 ---p 00000000 00:00 0 
7f1844000000-7f1844021000 rw-p 00000000 00:00 0 
7f1844021000-7f1848000000 ---p 00000000 00:00 0 
7f1848000000-7f1848021000 rw-p 00000000 00:00 0 
7f1848021000-7f184c000000 ---p 00000000 00:00 0 
7f184c09f000-7f184c0a0000 ---p 00000000 00:00 0 
7f184c0a0000-7f184c1a0000 rw-p 00000000 00:00 0 
7f184c1a0000-7f184c1a3000 ---p 00000000 00:00 0 
7f184c1a3000-7f184c2a1000 rw-p 00000000 00:00 0 
7f184c2a1000-7f184c2a4000 ---p 00000000 00:00 0 
7f184c2a4000-7f184c3a2000 rw-p 00000000 00:00 0 
7f184c3a2000-7f184c3a5000 ---p 00000000 00:00 0 
7f184c3a5000-7f184c4a3000 rw-p 00000000 00:00 0 
7f184c4a3000-7f184c4a6000 ---p 00000000 00:00 0 
7f184c4a6000-7f184c5a4000 rw-p 00000000 00:00 0 
7f184c5a4000-7f184c5a7000 ---p 00000000 00:00 0 
7f184c5a7000-7f184c6a5000 rw-p 00000000 00:00 0 
7f184c6a5000-7f184c992000 r--p 00000000 08:01 2884254                    /usr/lib/locale/locale-archive
7f184c992000-7f184c995000 ---p 00000000 00:00 0 
7f184c995000-7f184ca93000 rw-p 00000000 00:00 0 
7f184ca93000-7f184ca96000 ---p 00000000 00:00 0 
7f184ca96000-7f184cb94000 rw-p 00000000 00:00 0 
7f184cb94000-7f184cb95000 ---p 00000000 00:00 0 
7f184cb95000-7f184dc56000 rw-p 00000000 00:00 0 
7f184dc56000-7f184de2f000 r--s 03d1f000 08:01 3149907                    /usr/lib/jvm/java-8-oracle/jre/lib/rt.jar
7f184de2f000-7f184e4e5000 rw-p 00000000 00:00 0 
7f184e4e5000-7f184e6a5000 ---p 00000000 00:00 0 
7f184e6a5000-7f18508a5000 rw-p 00000000 00:00 0 
7f18508a5000-7f18508a6000 ---p 00000000 00:00 0 
7f18508a6000-7f18509a6000 rw-p 00000000 00:00 0 
7f18509a6000-7f18509a7000 ---p 00000000 00:00 0 
7f18509a7000-7f1850aa7000 rw-p 00000000 00:00 0 
7f1850aa7000-7f1850aa8000 ---p 00000000 00:00 0 
7f1850aa8000-7f1850ba8000 rw-p 00000000 00:00 0 
7f1850ba8000-7f1850ba9000 ---p 00000000 00:00 0 
7f1850ba9000-7f1850cc9000 rw-p 00000000 00:00 0 
7f1850cc9000-7f1850dff000 ---p 00000000 00:00 0 
7f1850dff000-7f1850e1f000 rw-p 00000000 00:00 0 
7f1850e1f000-7f1850f54000 ---p 00000000 00:00 0 
7f1850f54000-7f1850f70000 rw-p 00000000 00:00 0 
7f1850f70000-7f1850fff000 ---p 00000000 00:00 0 
7f1850fff000-7f1851000000 rw-p 00000000 00:00 0 
7f1851000000-7f1851470000 rwxp 00000000 00:00 0 
7f1851470000-7f1860000000 ---p 00000000 00:00 0 
7f1860000000-7f18603aa000 rw-p 00000000 00:00 0 
7f18603aa000-7f1864000000 ---p 00000000 00:00 0 
7f1864000000-7f186400f000 r--s 000df000 08:01 3938513                    /home/ahmed/Android/Sdk/build-tools/23.0.3/lib/dx.jar
7f186400f000-7f1864021000 rw-p 00000000 00:00 0 
7f1864021000-7f18643cf000 ---p 00000000 00:00 0 
7f18643cf000-7f18643e9000 r-xp 00000000 08:01 3284666                    /usr/lib/jvm/java-8-oracle/jre/lib/amd64/libzip.so
7f18643e9000-7f18645e9000 ---p 0001a000 08:01 3284666                    /usr/lib/jvm/java-8-oracle/jre/lib/amd64/libzip.so
7f18645e9000-7f18645ea000 rw-p 0001a000 08:01 3284666                    /usr/lib/jvm/java-8-oracle/jre/lib/amd64/libzip.so
7f18645ea000-7f18645f5000 r-xp 00000000 08:01 7999875                    /lib/x86_64-linux-gnu/libnss_files-2.23.so
7f18645f5000-7f18647f4000 ---p 0000b000 08:01 7999875                    /lib/x86_64-linux-gnu/libnss_files-2.23.so
7f18647f4000-7f18647f5000 r--p 0000a000 08:01 7999875                    /lib/x86_64-linux-gnu/libnss_files-2.23.so
7f18647f5000-7f18647f6000 rw-p 0000b000 08:01 7999875                    /lib/x86_64-linux-gnu/libnss_files-2.23.so
7f18647f6000-7f18647fc000 rw-p 00000000 00:00 0 
7f18647fc000-7f1864807000 r-xp 00000000 08:01 7999868                    /lib/x86_64-linux-gnu/libnss_nis-2.23.so
7f1864807000-7f1864a06000 ---p 0000b000 08:01 7999868                    /lib/x86_64-linux-gnu/libnss_nis-2.23.so
7f1864a06000-7f1864a07000 r--p 0000a000 08:01 7999868                    /lib/x86_64-linux-gnu/libnss_nis-2.23.so
7f1864a07000-7f1864a08000 rw-p 0000b000 08:01 7999868                    /lib/x86_64-linux-gnu/libnss_nis-2.23.so
7f1864a08000-7f1864a1e000 r-xp 00000000 08:01 7999864                    /lib/x86_64-linux-gnu/libnsl-2.23.so
7f1864a1e000-7f1864c1d000 ---p 00016000 08:01 7999864                    /lib/x86_64-linux-gnu/libnsl-2.23.so
7f1864c1d000-7f1864c1e000 r--p 00015000 08:01 7999864                    /lib/x86_64-linux-gnu/libnsl-2.23.so
7f1864c1e000-7f1864c1f000 rw-p 00016000 08:01 7999864                    /lib/x86_64-linux-gnu/libnsl-2.23.so
7f1864c1f000-7f1864c21000 rw-p 00000000 00:00 0 
7f1864c21000-7f1864c29000 r-xp 00000000 08:01 7999507                    /lib/x86_64-linux-gnu/libnss_compat-2.23.so
7f1864c29000-7f1864e28000 ---p 00008000 08:01 7999507                    /lib/x86_64-linux-gnu/libnss_compat-2.23.so
7f1864e28000-7f1864e29000 r--p 00007000 08:01 7999507                    /lib/x86_64-linux-gnu/libnss_compat-2.23.so
7f1864e29000-7f1864e2a000 rw-p 00008000 08:01 7999507                    /lib/x86_64-linux-gnu/libnss_compat-2.23.so
7f1864e2a000-7f1864e54000 r-xp 00000000 08:01 3284615                    /usr/lib/jvm/java-8-oracle/jre/lib/amd64/libjava.so
7f1864e54000-7f1865054000 ---p 0002a000 08:01 3284615                    /usr/lib/jvm/java-8-oracle/jre/lib/amd64/libjava.so
7f1865054000-7f1865056000 rw-p 0002a000 08:01 3284615                    /usr/lib/jvm/java-8-oracle/jre/lib/amd64/libjava.so
7f1865056000-7f1865063000 r-xp 00000000 08:01 3284672                    /usr/lib/jvm/java-8-oracle/jre/lib/amd64/libverify.so
7f1865063000-7f1865263000 ---p 0000d000 08:01 3284672                    /usr/lib/jvm/java-8-oracle/jre/lib/amd64/libverify.so
7f1865263000-7f1865265000 rw-p 0000d000 08:01 3284672                    /usr/lib/jvm/java-8-oracle/jre/lib/amd64/libverify.so
7f1865265000-7f186526c000 r-xp 00000000 08:01 7999892                    /lib/x86_64-linux-gnu/librt-2.23.so
7f186526c000-7f186546b000 ---p 00007000 08:01 7999892                    /lib/x86_64-linux-gnu/librt-2.23.so
7f186546b000-7f186546c000 r--p 00006000 08:01 7999892                    /lib/x86_64-linux-gnu/librt-2.23.so
7f186546c000-7f186546d000 rw-p 00007000 08:01 7999892                    /lib/x86_64-linux-gnu/librt-2.23.so
7f186546d000-7f1865575000 r-xp 00000000 08:01 7999886                    /lib/x86_64-linux-gnu/libm-2.23.so
7f1865575000-7f1865774000 ---p 00108000 08:01 7999886                    /lib/x86_64-linux-gnu/libm-2.23.so
7f1865774000-7f1865775000 r--p 00107000 08:01 7999886                    /lib/x86_64-linux-gnu/libm-2.23.so
7f1865775000-7f1865776000 rw-p 00108000 08:01 7999886                    /lib/x86_64-linux-gnu/libm-2.23.so
7f1865776000-7f1866436000 r-xp 00000000 08:01 3284648                    /usr/lib/jvm/java-8-oracle/jre/lib/amd64/server/libjvm.so
7f1866436000-7f1866636000 ---p 00cc0000 08:01 3284648                    /usr/lib/jvm/java-8-oracle/jre/lib/amd64/server/libjvm.so
7f1866636000-7f186670e000 rw-p 00cc0000 08:01 3284648                    /usr/lib/jvm/java-8-oracle/jre/lib/amd64/server/libjvm.so
7f186670e000-7f1866759000 rw-p 00000000 00:00 0 
7f1866759000-7f1866919000 r-xp 00000000 08:01 7999902                    /lib/x86_64-linux-gnu/libc-2.23.so
7f1866919000-7f1866b18000 ---p 001c0000 08:01 7999902                    /lib/x86_64-linux-gnu/libc-2.23.so
7f1866b18000-7f1866b1c000 r--p 001bf000 08:01 7999902                    /lib/x86_64-linux-gnu/libc-2.23.so
7f1866b1c000-7f1866b1e000 rw-p 001c3000 08:01 7999902                    /lib/x86_64-linux-gnu/libc-2.23.so
7f1866b1e000-7f1866b22000 rw-p 00000000 00:00 0 
7f1866b22000-7f1866b25000 r-xp 00000000 08:01 7999904                    /lib/x86_64-linux-gnu/libdl-2.23.so
7f1866b25000-7f1866d24000 ---p 00003000 08:01 7999904                    /lib/x86_64-linux-gnu/libdl-2.23.so
7f1866d24000-7f1866d25000 r--p 00002000 08:01 7999904                    /lib/x86_64-linux-gnu/libdl-2.23.so
7f1866d25000-7f1866d26000 rw-p 00003000 08:01 7999904                    /lib/x86_64-linux-gnu/libdl-2.23.so
7f1866d26000-7f1866d3b000 r-xp 00000000 08:01 4079274                    /usr/lib/jvm/java-8-oracle/lib/amd64/jli/libjli.so
7f1866d3b000-7f1866f3b000 ---p 00015000 08:01 4079274                    /usr/lib/jvm/java-8-oracle/lib/amd64/jli/libjli.so
7f1866f3b000-7f1866f3c000 rw-p 00015000 08:01 4079274                    /usr/lib/jvm/java-8-oracle/lib/amd64/jli/libjli.so
7f1866f3c000-7f1866f54000 r-xp 00000000 08:01 7999900                    /lib/x86_64-linux-gnu/libpthread-2.23.so
7f1866f54000-7f1867153000 ---p 00018000 08:01 7999900                    /lib/x86_64-linux-gnu/libpthread-2.23.so
7f1867153000-7f1867154000 r--p 00017000 08:01 7999900                    /lib/x86_64-linux-gnu/libpthread-2.23.so
7f1867154000-7f1867155000 rw-p 00018000 08:01 7999900                    /lib/x86_64-linux-gnu/libpthread-2.23.so
7f1867155000-7f1867159000 rw-p 00000000 00:00 0 
7f1867159000-7f186717f000 r-xp 00000000 08:01 7999894                    /lib/x86_64-linux-gnu/ld-2.23.so
7f1867188000-7f186724d000 rw-p 00000000 00:00 0 
7f186724d000-7f1867250000 ---p 00000000 00:00 0 
7f1867250000-7f1867352000 rw-p 00000000 00:00 0 
7f186735e000-7f1867372000 rw-p 00000000 00:00 0 
7f1867372000-7f186737a000 rw-s 00000000 08:01 12854049                   /tmp/hsperfdata_ahmed/32305
7f186737a000-7f186737b000 rw-p 00000000 00:00 0 
7f186737b000-7f186737c000 ---p 00000000 00:00 0 
7f186737c000-7f186737e000 rw-p 00000000 00:00 0 
7f186737e000-7f186737f000 r--p 00025000 08:01 7999894                    /lib/x86_64-linux-gnu/ld-2.23.so
7f186737f000-7f1867380000 rw-p 00026000 08:01 7999894                    /lib/x86_64-linux-gnu/ld-2.23.so
7f1867380000-7f1867381000 rw-p 00000000 00:00 0 
7ffde166b000-7ffde168c000 rw-p 00000000 00:00 0                          [stack]
7ffde17b6000-7ffde17b8000 r--p 00000000 00:00 0                          [vvar]
7ffde17b8000-7ffde17ba000 r-xp 00000000 00:00 0                          [vdso]
ffffffffff600000-ffffffffff601000 r-xp 00000000 00:00 0                  [vsyscall]

VM Arguments:
jvm_args: -Djava.awt.headless=true -Xmx1024M -Dfile.encoding=UTF-8 -Duser.country=US -Duser.language=en -Duser.variant 
java_command: com.android.dx.command.Main --dex --force-jumbo --num-threads=4 --multi-dex --output /home/ahmed/myData/Udacity/PopularMovies/app/build/intermediates/transforms/dex/debug/folders/1000/5/slice_1 /home/ahmed/myData/Udacity/PopularMovies/app/build/intermediates/transforms/instantRunSlicer/debug/folders/1/5/slice_1
java_class_path (initial): /home/ahmed/Android/Sdk/build-tools/23.0.3/lib/dx.jar
Launcher Type: SUN_STANDARD

Environment Variables:
JAVA_HOME=/usr/lib/jvm/java-8-oracle
PATH=/usr/local/sbin:/usr/local/bin:/usr/sbin:/usr/bin:/sbin:/bin:/usr/games:/usr/local/games:/snap/bin
LD_LIBRARY_PATH=/home/ahmed/myData/android-studio/bin:
SHELL=/bin/bash
DISPLAY=:0

Signal Handlers:
SIGSEGV: [libjvm.so+0xabca10], sa_mask[0]=11111111011111111101111111111110, sa_flags=SA_RESTART|SA_SIGINFO
SIGBUS: [libjvm.so+0xabca10], sa_mask[0]=11111111011111111101111111111110, sa_flags=SA_RESTART|SA_SIGINFO
SIGFPE: [libjvm.so+0x919a20], sa_mask[0]=11111111011111111101111111111110, sa_flags=SA_RESTART|SA_SIGINFO
SIGPIPE: [libjvm.so+0x919a20], sa_mask[0]=11111111011111111101111111111110, sa_flags=SA_RESTART|SA_SIGINFO
SIGXFSZ: [libjvm.so+0x919a20], sa_mask[0]=11111111011111111101111111111110, sa_flags=SA_RESTART|SA_SIGINFO
SIGILL: [libjvm.so+0x919a20], sa_mask[0]=11111111011111111101111111111110, sa_flags=SA_RESTART|SA_SIGINFO
SIGUSR1: SIG_DFL, sa_mask[0]=00000000000000000000000000000000, sa_flags=none
SIGUSR2: [libjvm.so+0x91b050], sa_mask[0]=00100000000000000000000000000000, sa_flags=SA_RESTART|SA_SIGINFO
SIGHUP: [libjvm.so+0x91c450], sa_mask[0]=11111111011111111101111111111110, sa_flags=SA_RESTART|SA_SIGINFO
SIGINT: [libjvm.so+0x91c450], sa_mask[0]=11111111011111111101111111111110, sa_flags=SA_RESTART|SA_SIGINFO
SIGTERM: [libjvm.so+0x91c450], sa_mask[0]=11111111011111111101111111111110, sa_flags=SA_RESTART|SA_SIGINFO
SIGQUIT: [libjvm.so+0x91c450], sa_mask[0]=11111111011111111101111111111110, sa_flags=SA_RESTART|SA_SIGINFO


---------------  S Y S T E M  ---------------

OS:DISTRIB_ID=Ubuntu
DISTRIB_RELEASE=16.04
DISTRIB_CODENAME=xenial
DISTRIB_DESCRIPTION="Ubuntu 16.04.1 LTS"

uname:Linux 4.4.0-34-generic #53-Ubuntu SMP Wed Jul 27 16:06:39 UTC 2016 x86_64
libc:glibc 2.23 NPTL 2.23 
rlimit: STACK 8192k, CORE 0k, NPROC 23427, NOFILE 65536, AS infinity
load average:8.90 8.04 4.69

/proc/meminfo:
MemTotal:        6033536 kB
MemFree:          259308 kB
MemAvailable:     345140 kB
Buffers:           22996 kB
Cached:           670528 kB
SwapCached:        79292 kB
Active:          4344296 kB
Inactive:        1175124 kB
Active(anon):    4182668 kB
Inactive(anon):  1073808 kB
Active(file):     161628 kB
Inactive(file):   101316 kB
Unevictable:          48 kB
Mlocked:              48 kB
SwapTotal:       6213628 kB
SwapFree:        4717468 kB
Dirty:              1364 kB
Writeback:             0 kB
AnonPages:       4793040 kB
Mapped:           398936 kB
Shmem:            430732 kB
Slab:             122276 kB
SReclaimable:      71372 kB
SUnreclaim:        50904 kB
KernelStack:       15952 kB
PageTables:        64788 kB
NFS_Unstable:          0 kB
Bounce:                0 kB
WritebackTmp:          0 kB
CommitLimit:     9230396 kB
Committed_AS:   13535412 kB
VmallocTotal:   34359738367 kB
VmallocUsed:           0 kB
VmallocChunk:          0 kB
HardwareCorrupted:     0 kB
AnonHugePages:   2246656 kB
CmaTotal:              0 kB
CmaFree:               0 kB
HugePages_Total:       0
HugePages_Free:        0
HugePages_Rsvd:        0
HugePages_Surp:        0
Hugepagesize:       2048 kB
DirectMap4k:      222792 kB
DirectMap2M:     5992448 kB


CPU:total 4 (2 cores per cpu, 2 threads per core) family 6 model 42 stepping 7, cmov, cx8, fxsr, mmx, sse, sse2, sse3, ssse3, sse4.1, sse4.2, popcnt, avx, clmul, ht, tsc, tscinvbit

/proc/cpuinfo:
processor	: 0
vendor_id	: GenuineIntel
cpu family	: 6
model		: 42
model name	: Intel(R) Core(TM) i3-2310M CPU @ 2.10GHz
stepping	: 7
microcode	: 0x14
cpu MHz		: 1799.929
cache size	: 3072 KB
physical id	: 0
siblings	: 4
core id		: 0
cpu cores	: 2
apicid		: 0
initial apicid	: 0
fpu		: yes
fpu_exception	: yes
cpuid level	: 13
wp		: yes
flags		: fpu vme de pse tsc msr pae mce cx8 apic sep mtrr pge mca cmov pat pse36 clflush dts acpi mmx fxsr sse sse2 ss ht tm pbe syscall nx rdtscp lm constant_tsc arch_perfmon pebs bts rep_good nopl xtopology nonstop_tsc aperfmperf eagerfpu pni pclmulqdq dtes64 monitor ds_cpl vmx est tm2 ssse3 cx16 xtpr pdcm pcid sse4_1 sse4_2 x2apic popcnt tsc_deadline_timer xsave avx lahf_lm epb tpr_shadow vnmi flexpriority ept vpid xsaveopt dtherm arat pln pts
bugs		:
bogomips	: 4190.42
clflush size	: 64
cache_alignment	: 64
address sizes	: 36 bits physical, 48 bits virtual
power management:

processor	: 1
vendor_id	: GenuineIntel
cpu family	: 6
model		: 42
model name	: Intel(R) Core(TM) i3-2310M CPU @ 2.10GHz
stepping	: 7
microcode	: 0x14
cpu MHz		: 1799.929
cache size	: 3072 KB
physical id	: 0
siblings	: 4
core id		: 0
cpu cores	: 2
apicid		: 1
initial apicid	: 1
fpu		: yes
fpu_exception	: yes
cpuid level	: 13
wp		: yes
flags		: fpu vme de pse tsc msr pae mce cx8 apic sep mtrr pge mca cmov pat pse36 clflush dts acpi mmx fxsr sse sse2 ss ht tm pbe syscall nx rdtscp lm constant_tsc arch_perfmon pebs bts rep_good nopl xtopology nonstop_tsc aperfmperf eagerfpu pni pclmulqdq dtes64 monitor ds_cpl vmx est tm2 ssse3 cx16 xtpr pdcm pcid sse4_1 sse4_2 x2apic popcnt tsc_deadline_timer xsave avx lahf_lm epb tpr_shadow vnmi flexpriority ept vpid xsaveopt dtherm arat pln pts
bugs		:
bogomips	: 4190.42
clflush size	: 64
cache_alignment	: 64
address sizes	: 36 bits physical, 48 bits virtual
power management:

processor	: 2
vendor_id	: GenuineIntel
cpu family	: 6
model		: 42
model name	: Intel(R) Core(TM) i3-2310M CPU @ 2.10GHz
stepping	: 7
microcode	: 0x14
cpu MHz		: 1799.929
cache size	: 3072 KB
physical id	: 0
siblings	: 4
core id		: 1
cpu cores	: 2
apicid		: 2
initial apicid	: 2
fpu		: yes
fpu_exception	: yes
cpuid level	: 13
wp		: yes
flags		: fpu vme de pse tsc msr pae mce cx8 apic sep mtrr pge mca cmov pat pse36 clflush dts acpi mmx fxsr sse sse2 ss ht tm pbe syscall nx rdtscp lm constant_tsc arch_perfmon pebs bts rep_good nopl xtopology nonstop_tsc aperfmperf eagerfpu pni pclmulqdq dtes64 monitor ds_cpl vmx est tm2 ssse3 cx16 xtpr pdcm pcid sse4_1 sse4_2 x2apic popcnt tsc_deadline_timer xsave avx lahf_lm epb tpr_shadow vnmi flexpriority ept vpid xsaveopt dtherm arat pln pts
bugs		:
bogomips	: 4190.42
clflush size	: 64
cache_alignment	: 64
address sizes	: 36 bits physical, 48 bits virtual
power management:

processor	: 3
vendor_id	: GenuineIntel
cpu family	: 6
model		: 42
model name	: Intel(R) Core(TM) i3-2310M CPU @ 2.10GHz
stepping	: 7
microcode	: 0x14
cpu MHz		: 1799.929
cache size	: 3072 KB
physical id	: 0
siblings	: 4
core id		: 1
cpu cores	: 2
apicid		: 3
initial apicid	: 3
fpu		: yes
fpu_exception	: yes
cpuid level	: 13
wp		: yes
flags		: fpu vme de pse tsc msr pae mce cx8 apic sep mtrr pge mca cmov pat pse36 clflush dts acpi mmx fxsr sse sse2 ss ht tm pbe syscall nx rdtscp lm constant_tsc arch_perfmon pebs bts rep_good nopl xtopology nonstop_tsc aperfmperf eagerfpu pni pclmulqdq dtes64 monitor ds_cpl vmx est tm2 ssse3 cx16 xtpr pdcm pcid sse4_1 sse4_2 x2apic popcnt tsc_deadline_timer xsave avx lahf_lm epb tpr_shadow vnmi flexpriority ept vpid xsaveopt dtherm arat pln pts
bugs		:
bogomips	: 4190.42
clflush size	: 64
cache_alignment	: 64
address sizes	: 36 bits physical, 48 bits virtual
power management:



Memory: 4k page, physical 6033536k(259308k free), swap 6213628k(4717468k free)

vm_info: Java HotSpot(TM) 64-Bit Server VM (25.91-b14) for linux-amd64 JRE (1.8.0_91-b14), built on Apr  1 2016 00:57:21 by "java_re" with gcc 4.3.0 20080428 (Red Hat 4.3.0-8)

time: Sat Aug 20 00:13:13 2016
elapsed time: 6 seconds (0d 0h 0m 6s)

