#
# A fatal error has been detected by the Java Runtime Environment:
#
#  SIGSEGV (0xb) at pc=0x00007f619dfeb610, pid=31280, tid=140056880645888
#
# JRE version: Java(TM) SE Runtime Environment (8.0_91-b14) (build 1.8.0_91-b14)
# Java VM: Java HotSpot(TM) 64-Bit Server VM (25.91-b14 mixed mode linux-amd64 compressed oops)
# Problematic frame:
# V  [libjvm.so+0x8fb610]  ObjArrayKlass::oop_follow_contents(ParCompactionManager*, oopDesc*)+0x160
#
# Failed to write core dump. Core dumps have been disabled. To enable core dumping, try "ulimit -c unlimited" before starting Java again
#
# If you would like to submit a bug report, please visit:
#   http://bugreport.java.com/bugreport/crash.jsp
#

---------------  T H R E A D  ---------------

Current thread (0x00007f6198022800):  GCTaskThread [stack: 0x00007f61888e8000,0x00007f61889e9000] [id=31287]

siginfo: si_signo: 11 (SIGSEGV), si_code: 128 (SI_KERNEL), si_addr: 0x0000000000000000

Registers:
RAX=0x00007f61867e7000, RBX=0x00007f619e6a6d60, RCX=0x0000000000000000, RDX=0x007fffffffa02000
RSP=0x00007f61889e79b0, RBP=0x00007f61889e7a20, RSI=0x0000000000000001, RDI=0x00007f619e6a6de0
R8 =0x0000000000000053, R9 =0x0000000000001000, R10=0x0000000000000004, R11=0x00007f619e6a2d40
R12=0x0000000000400000, R13=0x00000000c29e9a10, R14=0x0000000000000004, R15=0x00007f6198074bf0
RIP=0x00007f619dfeb610, EFLAGS=0x0000000000010206, CSGSFS=0x0000000000000033, ERR=0x0000000000000000
  TRAPNO=0x000000000000000d

Top of Stack: (sp=0x00007f61889e79b0)
0x00007f61889e79b0:   00000000c29e99d8 00000000c29e9a20
0x00007f61889e79c0:   000000000000000e 00000000c29e2ff0
0x00007f61889e79d0:   000000010008ca60 00007f6198074c30
0x00007f61889e79e0:   00007f619e65b748 000000000000000e
0x00007f61889e79f0:   00000000c2e86180 00007f619e6a2d40
0x00007f61889e7a00:   00007f6198074bf0 0000000000000002
0x00007f61889e7a10:   00007f6198074bf0 00007f619e234005
0x00007f61889e7a20:   00007f61889e7bb0 00007f619e063b22
0x00007f61889e7a30:   000000010001ef08 00000000f6ecb614
0x00007f61889e7a40:   00007f6198074c00 00007f61889e7b60
0x00007f61889e7a50:   00007f61889e7b30 00007f61889e7b10
0x00007f61889e7a60:   00007f61889e7b00 00007f61889e7af0
0x00007f61889e7a70:   00007f61889e7ae0 00007f61889e7ad0
0x00007f61889e7a80:   00007f619e697879 00007f6198074cb0
0x00007f61889e7a90:   00000000f6eca928 00007f61889e7b50
0x00007f61889e7aa0:   00007f61889e7b40 00007f61889e7b30
0x00007f61889e7ab0:   0000000000000337 0000000000000337
0x00007f61889e7ac0:   00007f6198074c30 00007f61889e7b78
0x00007f61889e7ad0:   00000000c05f40f0 00007f619e6a6d60
0x00007f61889e7ae0:   00007f61889e7b50 00007f619dd3de2f
0x00007f61889e7af0:   00000000c05f40ac 00000000c05f4068
0x00007f61889e7b00:   0000000100002180 0000000100002180
0x00007f61889e7b10:   0000000000000000 00007f6100000000
0x00007f61889e7b20:   00007f619e6a6d60 00000000c05f4068
0x00007f61889e7b30:   00000000c0aedd08 00007f619e6a6d60
0x00007f61889e7b40:   00007f61889e7bb0 00007f619dd3de2f
0x00007f61889e7b50:   00000000c0aedcc8 00000000c0aedca0
0x00007f61889e7b60:   000003e000000000 0000000100066730
0x00007f61889e7b70:   000003e100000000 00000000c29e99d8
0x00007f61889e7b80:   00007f61889e7b90 0000000000000000
0x00007f61889e7b90:   00007f61980748c0 0000000000000002
0x00007f61889e7ba0:   00007f6198074bf0 00007f619e234005 

Instructions: (pc=0x00007f619dfeb610)
0x00007f619dfeb5f0:   c1 48 8b 43 30 48 c1 ee 03 48 d3 ee 48 89 f2 89
0x00007f619dfeb600:   f1 be 01 00 00 00 83 e1 3f 48 c1 ea 06 48 d3 e6
0x00007f619dfeb610:   48 85 34 d0 75 9a 48 8b 05 4b b4 66 00 80 38 00
0x00007f619dfeb620:   0f 85 ba 02 00 00 49 8b 74 24 08 4c 89 e7 e8 dd 

Register to memory mapping:

RAX=0x00007f61867e7000 is an unknown value
RBX=0x00007f619e6a6d60: <offset 0xfb6d60> in /usr/lib/jvm/java-8-oracle/jre/lib/amd64/server/libjvm.so at 0x00007f619d6f0000
RCX=0x0000000000000000 is an unknown value
RDX=0x007fffffffa02000 is an unknown value
RSP=0x00007f61889e79b0 is an unknown value
RBP=0x00007f61889e7a20 is an unknown value
RSI=0x0000000000000001 is an unknown value
RDI=0x00007f619e6a6de0: <offset 0xfb6de0> in /usr/lib/jvm/java-8-oracle/jre/lib/amd64/server/libjvm.so at 0x00007f619d6f0000
R8 =0x0000000000000053 is an unknown value
R9 =0x0000000000001000 is an unknown value
R10=0x0000000000000004 is an unknown value
R11=0x00007f619e6a2d40: <offset 0xfb2d40> in /usr/lib/jvm/java-8-oracle/jre/lib/amd64/server/libjvm.so at 0x00007f619d6f0000
R12=0x0000000000400000: <offset 0> in /usr/lib/jvm/java-8-oracle/bin/java at 0x0000000000400000
R13=0x00000000c29e9a10 is pointing into object: 0x00000000c29e99d8
[Lcom.android.dx.dex.code.CodeAddress; 
 - klass: 'com/android/dx/dex/code/CodeAddress'[]
 - length: 14
R14=0x0000000000000004 is an unknown value
R15=0x00007f6198074bf0 is an unknown value


Stack: [0x00007f61888e8000,0x00007f61889e9000],  sp=0x00007f61889e79b0,  free space=1022k
Native frames: (J=compiled Java code, j=interpreted, Vv=VM code, C=native code)
V  [libjvm.so+0x8fb610]  ObjArrayKlass::oop_follow_contents(ParCompactionManager*, oopDesc*)+0x160
V  [libjvm.so+0x973b22]  ParCompactionManager::follow_marking_stacks()+0x232
V  [libjvm.so+0x95a215]  StealMarkingTask::do_it(GCTaskManager*, unsigned int)+0x325
V  [libjvm.so+0x5d584f]  GCTaskThread::run()+0x12f
V  [libjvm.so+0x91ef78]  java_start(Thread*)+0x108


---------------  P R O C E S S  ---------------

Java Threads: ( => current thread )
  0x00007f6198167800 JavaThread "pool-1-thread-1" [_thread_blocked, id=31312, stack(0x00007f6153de8000,0x00007f6153ee9000)]
  0x00007f61980c1800 JavaThread "Service Thread" daemon [_thread_blocked, id=31296, stack(0x00007f6184124000,0x00007f6184225000)]
  0x00007f61980be000 JavaThread "C1 CompilerThread2" daemon [_thread_blocked, id=31295, stack(0x00007f6184225000,0x00007f6184326000)]
  0x00007f61980bc800 JavaThread "C2 CompilerThread1" daemon [_thread_blocked, id=31294, stack(0x00007f6184326000,0x00007f6184427000)]
  0x00007f61980b9800 JavaThread "C2 CompilerThread0" daemon [_thread_blocked, id=31293, stack(0x00007f6184427000,0x00007f6184528000)]
  0x00007f61980b8000 JavaThread "Signal Dispatcher" daemon [_thread_blocked, id=31292, stack(0x00007f6184528000,0x00007f6184629000)]
  0x00007f6198084000 JavaThread "Finalizer" daemon [_thread_blocked, id=31291, stack(0x00007f6184916000,0x00007f6184a17000)]
  0x00007f619807f800 JavaThread "Reference Handler" daemon [_thread_blocked, id=31290, stack(0x00007f6184a17000,0x00007f6184b18000)]
  0x00007f619800a000 JavaThread "main" [_thread_blocked, id=31282, stack(0x00007f619f1c7000,0x00007f619f2c8000)]

Other Threads:
  0x00007f6198078000 VMThread [stack: 0x00007f6184b18000,0x00007f6184c19000] [id=31289]
  0x00007f61980c4000 WatcherThread [stack: 0x00007f6184023000,0x00007f6184124000] [id=31297]

=>0x00007f6198022800 (exited) GCTaskThread [stack: 0x00007f61888e8000,0x00007f61889e9000] [id=31287]

VM state:at safepoint (normal execution)

VM Mutex/Monitor currently owned by a thread:  ([mutex/lock_event])
[0x00007f6198006530] Threads_lock - owner thread: 0x00007f6198078000
[0x00007f6198006a30] Heap_lock - owner thread: 0x00007f6198167800

Heap:
 PSYoungGen      total 217600K, used 23540K [0x00000000eab00000, 0x0000000100000000, 0x0000000100000000)
  eden space 194048K, 0% used [0x00000000eab00000,0x00000000eab00000,0x00000000f6880000)
  from space 23552K, 99% used [0x00000000f6880000,0x00000000f7f7d2f8,0x00000000f7f80000)
  to   space 37888K, 0% used [0x00000000fdb00000,0x00000000fdb00000,0x0000000100000000)
 ParOldGen       total 64512K, used 53073K [0x00000000c0000000, 0x00000000c3f00000, 0x00000000eab00000)
  object space 64512K, 82% used [0x00000000c0000000,0x00000000c33d44c8,0x00000000c3f00000)
 Metaspace       used 6489K, capacity 7256K, committed 7424K, reserved 1056768K
  class space    used 615K, capacity 656K, committed 768K, reserved 1048576K

Card table byte_map: [0x00007f619c148000,0x00007f619c349000] byte_map_base: 0x00007f619bb48000

Marking Bits: (ParMarkBitMap*) 0x00007f619e6a6d60
 Begin Bits: [0x00007f61867e7000, 0x00007f61877e7000)
 End Bits:   [0x00007f61877e7000, 0x00007f61887e7000)

Polling page: 0x00007f619f2f5000

CodeCache: size=245760Kb used=7511Kb max_used=7511Kb free=238248Kb
 bounds [0x00007f6189000000, 0x00007f6189760000, 0x00007f6198000000]
 total_blobs=2335 nmethods=2066 adapters=182
 compilation: enabled

Compilation events (10 events):
Event: 10.945 Thread 0x00007f61980be000 2340       2       com.android.dx.ssa.back.FirstFitLocalCombiningAllocator::fitPlanForRange (250 bytes)
Event: 10.949 Thread 0x00007f61980be000 nmethod 2340 0x00007f6189755bd0 code [0x00007f6189755e60, 0x00007f61897568b8]
Event: 10.982 Thread 0x00007f61980be000 2343       3       com.android.dx.ssa.back.FirstFitLocalCombiningAllocator::canMapRegs (60 bytes)
Event: 10.984 Thread 0x00007f61980be000 nmethod 2343 0x00007f6189757950 code [0x00007f6189757bc0, 0x00007f6189758bc8]
Event: 10.987 Thread 0x00007f61980be000 2344       2       java.util.HashMap::get (23 bytes)
Event: 10.988 Thread 0x00007f61980be000 nmethod 2344 0x00007f618974abd0 code [0x00007f618974ad40, 0x00007f618974af38]
Event: 11.070 Thread 0x00007f61980be000 2346       2       com.android.dx.cf.code.Simulator::requiredArrayTypeFor (61 bytes)
Event: 11.071 Thread 0x00007f61980be000 nmethod 2346 0x00007f618974a450 code [0x00007f618974a600, 0x00007f618974a918]
Event: 11.107 Thread 0x00007f61980be000 2347   !   2       java.util.concurrent.LinkedBlockingQueue::take (93 bytes)
Event: 11.109 Thread 0x00007f61980be000 nmethod 2347 0x00007f6189759490 code [0x00007f61897596e0, 0x00007f6189759df8]

GC Heap History (10 events):
Event: 5.669 GC heap after
Heap after GC invocations=3 (full 0):
 PSYoungGen      total 52736K, used 3567K [0x00000000eab00000, 0x00000000f1200000, 0x0000000100000000)
  eden space 49152K, 0% used [0x00000000eab00000,0x00000000eab00000,0x00000000edb00000)
  from space 3584K, 99% used [0x00000000edb00000,0x00000000ede7bdf8,0x00000000ede80000)
  to   space 3584K, 0% used [0x00000000f0e80000,0x00000000f0e80000,0x00000000f1200000)
 ParOldGen       total 64512K, used 10613K [0x00000000c0000000, 0x00000000c3f00000, 0x00000000eab00000)
  object space 64512K, 16% used [0x00000000c0000000,0x00000000c0a5d408,0x00000000c3f00000)
 Metaspace       used 6000K, capacity 6960K, committed 7040K, reserved 1056768K
  class space    used 593K, capacity 616K, committed 640K, reserved 1048576K
}
Event: 6.434 GC heap before
{Heap before GC invocations=4 (full 0):
 PSYoungGen      total 52736K, used 52719K [0x00000000eab00000, 0x00000000f1200000, 0x0000000100000000)
  eden space 49152K, 100% used [0x00000000eab00000,0x00000000edb00000,0x00000000edb00000)
  from space 3584K, 99% used [0x00000000edb00000,0x00000000ede7bdf8,0x00000000ede80000)
  to   space 3584K, 0% used [0x00000000f0e80000,0x00000000f0e80000,0x00000000f1200000)
 ParOldGen       total 64512K, used 10613K [0x00000000c0000000, 0x00000000c3f00000, 0x00000000eab00000)
  object space 64512K, 16% used [0x00000000c0000000,0x00000000c0a5d408,0x00000000c3f00000)
 Metaspace       used 6031K, capacity 6960K, committed 7040K, reserved 1056768K
  class space    used 593K, capacity 616K, committed 640K, reserved 1048576K
Event: 6.518 GC heap after
Heap after GC invocations=4 (full 0):
 PSYoungGen      total 101888K, used 3564K [0x00000000eab00000, 0x00000000f1200000, 0x0000000100000000)
  eden space 98304K, 0% used [0x00000000eab00000,0x00000000eab00000,0x00000000f0b00000)
  from space 3584K, 99% used [0x00000000f0e80000,0x00000000f11fb338,0x00000000f1200000)
  to   space 3584K, 0% used [0x00000000f0b00000,0x00000000f0b00000,0x00000000f0e80000)
 ParOldGen       total 64512K, used 18660K [0x00000000c0000000, 0x00000000c3f00000, 0x00000000eab00000)
  object space 64512K, 28% used [0x00000000c0000000,0x00000000c1239248,0x00000000c3f00000)
 Metaspace       used 6031K, capacity 6960K, committed 7040K, reserved 1056768K
  class space    used 593K, capacity 616K, committed 640K, reserved 1048576K
}
Event: 8.122 GC heap before
{Heap before GC invocations=5 (full 0):
 PSYoungGen      total 101888K, used 101868K [0x00000000eab00000, 0x00000000f1200000, 0x0000000100000000)
  eden space 98304K, 100% used [0x00000000eab00000,0x00000000f0b00000,0x00000000f0b00000)
  from space 3584K, 99% used [0x00000000f0e80000,0x00000000f11fb338,0x00000000f1200000)
  to   space 3584K, 0% used [0x00000000f0b00000,0x00000000f0b00000,0x00000000f0e80000)
 ParOldGen       total 64512K, used 18660K [0x00000000c0000000, 0x00000000c3f00000, 0x00000000eab00000)
  object space 64512K, 28% used [0x00000000c0000000,0x00000000c1239248,0x00000000c3f00000)
 Metaspace       used 6207K, capacity 7088K, committed 7296K, reserved 1056768K
  class space    used 593K, capacity 616K, committed 640K, reserved 1048576K
Event: 8.250 GC heap after
Heap after GC invocations=5 (full 0):
 PSYoungGen      total 101888K, used 3569K [0x00000000eab00000, 0x00000000f9400000, 0x0000000100000000)
  eden space 98304K, 0% used [0x00000000eab00000,0x00000000eab00000,0x00000000f0b00000)
  from space 3584K, 99% used [0x00000000f0b00000,0x00000000f0e7c7a0,0x00000000f0e80000)
  to   space 20992K, 0% used [0x00000000f7f80000,0x00000000f7f80000,0x00000000f9400000)
 ParOldGen       total 64512K, used 33587K [0x00000000c0000000, 0x00000000c3f00000, 0x00000000eab00000)
  object space 64512K, 52% used [0x00000000c0000000,0x00000000c20ccdc0,0x00000000c3f00000)
 Metaspace       used 6207K, capacity 7088K, committed 7296K, reserved 1056768K
  class space    used 593K, capacity 616K, committed 640K, reserved 1048576K
}
Event: 9.214 GC heap before
{Heap before GC invocations=6 (full 0):
 PSYoungGen      total 101888K, used 101873K [0x00000000eab00000, 0x00000000f9400000, 0x0000000100000000)
  eden space 98304K, 100% used [0x00000000eab00000,0x00000000f0b00000,0x00000000f0b00000)
  from space 3584K, 99% used [0x00000000f0b00000,0x00000000f0e7c7a0,0x00000000f0e80000)
  to   space 20992K, 0% used [0x00000000f7f80000,0x00000000f7f80000,0x00000000f9400000)
 ParOldGen       total 64512K, used 33587K [0x00000000c0000000, 0x00000000c3f00000, 0x00000000eab00000)
  object space 64512K, 52% used [0x00000000c0000000,0x00000000c20ccdc0,0x00000000c3f00000)
 Metaspace       used 6414K, capacity 7192K, committed 7424K, reserved 1056768K
  class space    used 613K, capacity 656K, committed 768K, reserved 1048576K
Event: 9.301 GC heap after
Heap after GC invocations=6 (full 0):
 PSYoungGen      total 215040K, used 18207K [0x00000000eab00000, 0x00000000f9900000, 0x0000000100000000)
  eden space 194048K, 0% used [0x00000000eab00000,0x00000000eab00000,0x00000000f6880000)
  from space 20992K, 86% used [0x00000000f7f80000,0x00000000f9147dd8,0x00000000f9400000)
  to   space 23552K, 0% used [0x00000000f6880000,0x00000000f6880000,0x00000000f7f80000)
 ParOldGen       total 64512K, used 33587K [0x00000000c0000000, 0x00000000c3f00000, 0x00000000eab00000)
  object space 64512K, 52% used [0x00000000c0000000,0x00000000c20ccdc0,0x00000000c3f00000)
 Metaspace       used 6414K, capacity 7192K, committed 7424K, reserved 1056768K
  class space    used 613K, capacity 656K, committed 768K, reserved 1048576K
}
Event: 11.109 GC heap before
{Heap before GC invocations=7 (full 0):
 PSYoungGen      total 215040K, used 212255K [0x00000000eab00000, 0x00000000f9900000, 0x0000000100000000)
  eden space 194048K, 100% used [0x00000000eab00000,0x00000000f6880000,0x00000000f6880000)
  from space 20992K, 86% used [0x00000000f7f80000,0x00000000f9147dd8,0x00000000f9400000)
  to   space 23552K, 0% used [0x00000000f6880000,0x00000000f6880000,0x00000000f7f80000)
 ParOldGen       total 64512K, used 33587K [0x00000000c0000000, 0x00000000c3f00000, 0x00000000eab00000)
  object space 64512K, 52% used [0x00000000c0000000,0x00000000c20ccdc0,0x00000000c3f00000)
 Metaspace       used 6489K, capacity 7256K, committed 7424K, reserved 1056768K
  class space    used 615K, capacity 656K, committed 768K, reserved 1048576K
Event: 11.229 GC heap after
Heap after GC invocations=7 (full 0):
 PSYoungGen      total 217600K, used 23540K [0x00000000eab00000, 0x0000000100000000, 0x0000000100000000)
  eden space 194048K, 0% used [0x00000000eab00000,0x00000000eab00000,0x00000000f6880000)
  from space 23552K, 99% used [0x00000000f6880000,0x00000000f7f7d2f8,0x00000000f7f80000)
  to   space 37888K, 0% used [0x00000000fdb00000,0x00000000fdb00000,0x0000000100000000)
 ParOldGen       total 64512K, used 53073K [0x00000000c0000000, 0x00000000c3f00000, 0x00000000eab00000)
  object space 64512K, 82% used [0x00000000c0000000,0x00000000c33d44c8,0x00000000c3f00000)
 Metaspace       used 6489K, capacity 7256K, committed 7424K, reserved 1056768K
  class space    used 615K, capacity 656K, committed 768K, reserved 1048576K
}
Event: 11.229 GC heap before
{Heap before GC invocations=8 (full 1):
 PSYoungGen      total 217600K, used 23540K [0x00000000eab00000, 0x0000000100000000, 0x0000000100000000)
  eden space 194048K, 0% used [0x00000000eab00000,0x00000000eab00000,0x00000000f6880000)
  from space 23552K, 99% used [0x00000000f6880000,0x00000000f7f7d2f8,0x00000000f7f80000)
  to   space 37888K, 0% used [0x00000000fdb00000,0x00000000fdb00000,0x0000000100000000)
 ParOldGen       total 64512K, used 53073K [0x00000000c0000000, 0x00000000c3f00000, 0x00000000eab00000)
  object space 64512K, 82% used [0x00000000c0000000,0x00000000c33d44c8,0x00000000c3f00000)
 Metaspace       used 6489K, capacity 7256K, committed 7424K, reserved 1056768K
  class space    used 615K, capacity 656K, committed 768K, reserved 1048576K

Deoptimization events (10 events):
Event: 8.072 Thread 0x00007f6198177000 Uncommon trap: reason=unstable_if action=reinterpret pc=0x00007f61895956b8 method=com.android.dx.rop.code.LocalItem.compareHandlesNulls(Lcom/android/dx/rop/cst/CstString;Lcom/android/dx/rop/cst/CstString;)I @ 14
Event: 8.718 Thread 0x00007f6198167800 Uncommon trap: reason=unstable_if action=reinterpret pc=0x00007f618927d7a0 method=java.util.HashMap.putVal(ILjava/lang/Object;Ljava/lang/Object;ZZ)Ljava/lang/Object; @ 162
Event: 8.746 Thread 0x00007f6198167800 Uncommon trap: reason=unstable_if action=reinterpret pc=0x00007f6189403ce0 method=java.util.HashMap.getNode(ILjava/lang/Object;)Ljava/util/HashMap$Node; @ 84
Event: 8.855 Thread 0x00007f6198176800 Uncommon trap: reason=unstable_if action=reinterpret pc=0x00007f61895114c0 method=com.android.dx.ssa.MoveParamCombiner$1.visitNonMoveInsn(Lcom/android/dx/ssa/NormalSsaInsn;)V @ 27
Event: 9.008 Thread 0x00007f6198176800 Uncommon trap: reason=bimorphic action=maybe_recompile pc=0x00007f6189655488 method=com.android.dx.rop.code.RegisterSpec.withSimpleType()Lcom/android/dx/rop/code/RegisterSpec; @ 21
Event: 9.053 Thread 0x00007f6198176800 Uncommon trap: reason=bimorphic action=maybe_recompile pc=0x00007f6189655488 method=com.android.dx.rop.code.RegisterSpec.withSimpleType()Lcom/android/dx/rop/code/RegisterSpec; @ 21
Event: 9.327 Thread 0x00007f6198179000 Uncommon trap: reason=unstable_if action=reinterpret pc=0x00007f61894eac34 method=java.util.HashMap.putVal(ILjava/lang/Object;Ljava/lang/Object;ZZ)Ljava/lang/Object; @ 109
Event: 9.568 Thread 0x00007f6198179000 Uncommon trap: reason=bimorphic action=maybe_recompile pc=0x00007f6189655488 method=com.android.dx.rop.code.RegisterSpec.withSimpleType()Lcom/android/dx/rop/code/RegisterSpec; @ 21
Event: 9.569 Thread 0x00007f6198179000 Uncommon trap: reason=bimorphic action=maybe_recompile pc=0x00007f6189655488 method=com.android.dx.rop.code.RegisterSpec.withSimpleType()Lcom/android/dx/rop/code/RegisterSpec; @ 21
Event: 10.987 Thread 0x00007f6198179000 Uncommon trap: reason=unstable_if action=reinterpret pc=0x00007f618941d00c method=java.util.HashMap.getNode(ILjava/lang/Object;)Ljava/util/HashMap$Node; @ 84

Internal exceptions (8 events):
Event: 0.258 Thread 0x00007f619800a000 Exception <a 'java/lang/NoSuchMethodError': Method sun.misc.Unsafe.defineClass(Ljava/lang/String;[BII)Ljava/lang/Class; name or signature does not match> (0x00000000eab07cc0) thrown at [/HUDSON/workspace/8-2-build-linux-amd64/jdk8u91/6644/hotspot/src/shar
Event: 0.258 Thread 0x00007f619800a000 Exception <a 'java/lang/NoSuchMethodError': Method sun.misc.Unsafe.prefetchRead(Ljava/lang/Object;J)V name or signature does not match> (0x00000000eab07fa8) thrown at [/HUDSON/workspace/8-2-build-linux-amd64/jdk8u91/6644/hotspot/src/share/vm/prims/jni.cpp
Event: 3.363 Thread 0x00007f6198179000 Implicit null exception at 0x00007f618928a862 to 0x00007f618928a965
Event: 7.947 Thread 0x00007f6198177000 Implicit null exception at 0x00007f618956181c to 0x00007f61895629a5
Event: 8.072 Thread 0x00007f6198177000 Implicit null exception at 0x00007f6189593f46 to 0x00007f618959568d
Event: 8.720 Thread 0x00007f6198167800 Exception <a 'java/lang/ArrayIndexOutOfBoundsException': 18> (0x00000000ed612eb8) thrown at [/HUDSON/workspace/8-2-build-linux-amd64/jdk8u91/6644/hotspot/src/share/vm/interpreter/interpreterRuntime.cpp, line 366]
Event: 8.720 Thread 0x00007f6198167800 Exception <a 'java/lang/ArrayIndexOutOfBoundsException': 145> (0x00000000ed614a38) thrown at [/HUDSON/workspace/8-2-build-linux-amd64/jdk8u91/6644/hotspot/src/share/vm/interpreter/interpreterRuntime.cpp, line 366]
Event: 8.722 Thread 0x00007f6198167800 Exception <a 'java/lang/ArrayIndexOutOfBoundsException': 40> (0x00000000ed615d20) thrown at [/HUDSON/workspace/8-2-build-linux-amd64/jdk8u91/6644/hotspot/src/share/vm/interpreter/interpreterRuntime.cpp, line 366]

Events (10 events):
Event: 10.987 Thread 0x00007f6198179000 DEOPT UNPACKING pc=0x00007f6189005229 sp=0x00007f6153be3960 mode 2
Event: 11.015 Thread 0x00007f6198179000 DEOPT PACKING pc=0x00007f61893cc16c sp=0x00007f6153be40d0
Event: 11.015 Thread 0x00007f6198179000 DEOPT UNPACKING pc=0x00007f6189047633 sp=0x00007f6153be3dd0 mode 0
Event: 11.029 Thread 0x00007f6198179000 Thread exited: 0x00007f6198179000
Event: 11.107 Thread 0x00007f6198167800 Thread exited: 0x00007f6198167800
Event: 11.107 Thread 0x00007f6198169800 Thread exited: 0x00007f6198169800
Event: 11.108 loading class com/android/dx/command/dexer/Main$DexWriter
Event: 11.108 loading class com/android/dx/command/dexer/Main$DexWriter done
Event: 11.108 Thread 0x00007f6198167800 Thread added: 0x00007f6198167800
Event: 11.109 Executing VM operation: ParallelGCFailedAllocation


Dynamic libraries:
00400000-00401000 r-xp 00000000 08:01 3016174                            /usr/lib/jvm/java-8-oracle/bin/java
00600000-00601000 rw-p 00000000 08:01 3016174                            /usr/lib/jvm/java-8-oracle/bin/java
020e5000-02106000 rw-p 00000000 00:00 0                                  [heap]
c0000000-c3f00000 rw-p 00000000 00:00 0 
c3f00000-eab00000 ---p 00000000 00:00 0 
eab00000-100000000 rw-p 00000000 00:00 0 
100000000-1000c0000 rw-p 00000000 00:00 0 
1000c0000-140000000 ---p 00000000 00:00 0 
7f6138000000-7f6138021000 rw-p 00000000 00:00 0 
7f6138021000-7f613c000000 ---p 00000000 00:00 0 
7f613c000000-7f613c021000 rw-p 00000000 00:00 0 
7f613c021000-7f6140000000 ---p 00000000 00:00 0 
7f6140000000-7f6140021000 rw-p 00000000 00:00 0 
7f6140021000-7f6144000000 ---p 00000000 00:00 0 
7f6144000000-7f6144029000 rw-p 00000000 00:00 0 
7f6144029000-7f6148000000 ---p 00000000 00:00 0 
7f6148000000-7f6148033000 rw-p 00000000 00:00 0 
7f6148033000-7f614c000000 ---p 00000000 00:00 0 
7f614c000000-7f614c021000 rw-p 00000000 00:00 0 
7f614c021000-7f6150000000 ---p 00000000 00:00 0 
7f6153ae5000-7f6153ae8000 ---p 00000000 00:00 0 
7f6153ae8000-7f6153be6000 rw-p 00000000 00:00 0 
7f6153be6000-7f6153be9000 ---p 00000000 00:00 0 
7f6153be9000-7f6153ce7000 rw-p 00000000 00:00 0 
7f6153ce7000-7f6153cea000 ---p 00000000 00:00 0 
7f6153cea000-7f6153de8000 rw-p 00000000 00:00 0 
7f6153de8000-7f6153deb000 ---p 00000000 00:00 0 
7f6153deb000-7f6153ee9000 rw-p 00000000 00:00 0 
7f6153ee9000-7f6153eec000 ---p 00000000 00:00 0 
7f6153eec000-7f6153fea000 rw-p 00000000 00:00 0 
7f6154000000-7f615479a000 rw-p 00000000 00:00 0 
7f615479a000-7f6158000000 ---p 00000000 00:00 0 
7f6158000000-7f6158021000 rw-p 00000000 00:00 0 
7f6158021000-7f615c000000 ---p 00000000 00:00 0 
7f615c000000-7f615cdcb000 rw-p 00000000 00:00 0 
7f615cdcb000-7f6160000000 ---p 00000000 00:00 0 
7f6160000000-7f6160b4a000 rw-p 00000000 00:00 0 
7f6160b4a000-7f6164000000 ---p 00000000 00:00 0 
7f6164000000-7f6164021000 rw-p 00000000 00:00 0 
7f6164021000-7f6168000000 ---p 00000000 00:00 0 
7f6168000000-7f6168021000 rw-p 00000000 00:00 0 
7f6168021000-7f616c000000 ---p 00000000 00:00 0 
7f616c000000-7f616c021000 rw-p 00000000 00:00 0 
7f616c021000-7f6170000000 ---p 00000000 00:00 0 
7f6170000000-7f6170021000 rw-p 00000000 00:00 0 
7f6170021000-7f6174000000 ---p 00000000 00:00 0 
7f6174000000-7f6174021000 rw-p 00000000 00:00 0 
7f6174021000-7f6178000000 ---p 00000000 00:00 0 
7f6178000000-7f6178021000 rw-p 00000000 00:00 0 
7f6178021000-7f617c000000 ---p 00000000 00:00 0 
7f617c000000-7f617c28e000 rw-p 00000000 00:00 0 
7f617c28e000-7f6180000000 ---p 00000000 00:00 0 
7f6180000000-7f6180021000 rw-p 00000000 00:00 0 
7f6180021000-7f6184000000 ---p 00000000 00:00 0 
7f6184014000-7f6184023000 r--s 000df000 08:01 3938513                    /home/ahmed/Android/Sdk/build-tools/23.0.3/lib/dx.jar
7f6184023000-7f6184024000 ---p 00000000 00:00 0 
7f6184024000-7f6184124000 rw-p 00000000 00:00 0 
7f6184124000-7f6184127000 ---p 00000000 00:00 0 
7f6184127000-7f6184225000 rw-p 00000000 00:00 0 
7f6184225000-7f6184228000 ---p 00000000 00:00 0 
7f6184228000-7f6184326000 rw-p 00000000 00:00 0 
7f6184326000-7f6184329000 ---p 00000000 00:00 0 
7f6184329000-7f6184427000 rw-p 00000000 00:00 0 
7f6184427000-7f618442a000 ---p 00000000 00:00 0 
7f618442a000-7f6184528000 rw-p 00000000 00:00 0 
7f6184528000-7f618452b000 ---p 00000000 00:00 0 
7f618452b000-7f6184629000 rw-p 00000000 00:00 0 
7f6184629000-7f6184916000 r--p 00000000 08:01 2884254                    /usr/lib/locale/locale-archive
7f6184916000-7f6184919000 ---p 00000000 00:00 0 
7f6184919000-7f6184a17000 rw-p 00000000 00:00 0 
7f6184a17000-7f6184a1a000 ---p 00000000 00:00 0 
7f6184a1a000-7f6184b18000 rw-p 00000000 00:00 0 
7f6184b18000-7f6184b19000 ---p 00000000 00:00 0 
7f6184b19000-7f6185b98000 rw-p 00000000 00:00 0 
7f6185b98000-7f6185d71000 r--s 03d1f000 08:01 3149907                    /usr/lib/jvm/java-8-oracle/jre/lib/rt.jar
7f6185d71000-7f6186467000 rw-p 00000000 00:00 0 
7f6186467000-7f61865e7000 ---p 00000000 00:00 0 
7f61865e7000-7f61887e7000 rw-p 00000000 00:00 0 
7f61887e7000-7f61887e8000 ---p 00000000 00:00 0 
7f61887e8000-7f61888e8000 rw-p 00000000 00:00 0 
7f61888e8000-7f61888e9000 ---p 00000000 00:00 0 
7f61888e9000-7f61889e9000 rw-p 00000000 00:00 0 
7f61889e9000-7f61889ea000 ---p 00000000 00:00 0 
7f61889ea000-7f6188b0a000 rw-p 00000000 00:00 0 
7f6188b0a000-7f6188c40000 ---p 00000000 00:00 0 
7f6188c40000-7f6188c5e000 rw-p 00000000 00:00 0 
7f6188c5e000-7f6189000000 ---p 00000000 00:00 0 
7f6189000000-7f6189760000 rwxp 00000000 00:00 0 
7f6189760000-7f6198000000 ---p 00000000 00:00 0 
7f6198000000-7f61983b5000 rw-p 00000000 00:00 0 
7f61983b5000-7f619c000000 ---p 00000000 00:00 0 
7f619c005000-7f619c047000 rw-p 00000000 00:00 0 
7f619c047000-7f619c048000 ---p 00000000 00:00 0 
7f619c048000-7f619c168000 rw-p 00000000 00:00 0 
7f619c168000-7f619c29d000 ---p 00000000 00:00 0 
7f619c29d000-7f619c348000 rw-p 00000000 00:00 0 
7f619c348000-7f619c349000 rw-p 00000000 00:00 0 
7f619c349000-7f619c363000 r-xp 00000000 08:01 3284666                    /usr/lib/jvm/java-8-oracle/jre/lib/amd64/libzip.so
7f619c363000-7f619c563000 ---p 0001a000 08:01 3284666                    /usr/lib/jvm/java-8-oracle/jre/lib/amd64/libzip.so
7f619c563000-7f619c564000 rw-p 0001a000 08:01 3284666                    /usr/lib/jvm/java-8-oracle/jre/lib/amd64/libzip.so
7f619c564000-7f619c56f000 r-xp 00000000 08:01 7999875                    /lib/x86_64-linux-gnu/libnss_files-2.23.so
7f619c56f000-7f619c76e000 ---p 0000b000 08:01 7999875                    /lib/x86_64-linux-gnu/libnss_files-2.23.so
7f619c76e000-7f619c76f000 r--p 0000a000 08:01 7999875                    /lib/x86_64-linux-gnu/libnss_files-2.23.so
7f619c76f000-7f619c770000 rw-p 0000b000 08:01 7999875                    /lib/x86_64-linux-gnu/libnss_files-2.23.so
7f619c770000-7f619c776000 rw-p 00000000 00:00 0 
7f619c776000-7f619c781000 r-xp 00000000 08:01 7999868                    /lib/x86_64-linux-gnu/libnss_nis-2.23.so
7f619c781000-7f619c980000 ---p 0000b000 08:01 7999868                    /lib/x86_64-linux-gnu/libnss_nis-2.23.so
7f619c980000-7f619c981000 r--p 0000a000 08:01 7999868                    /lib/x86_64-linux-gnu/libnss_nis-2.23.so
7f619c981000-7f619c982000 rw-p 0000b000 08:01 7999868                    /lib/x86_64-linux-gnu/libnss_nis-2.23.so
7f619c982000-7f619c998000 r-xp 00000000 08:01 7999864                    /lib/x86_64-linux-gnu/libnsl-2.23.so
7f619c998000-7f619cb97000 ---p 00016000 08:01 7999864                    /lib/x86_64-linux-gnu/libnsl-2.23.so
7f619cb97000-7f619cb98000 r--p 00015000 08:01 7999864                    /lib/x86_64-linux-gnu/libnsl-2.23.so
7f619cb98000-7f619cb99000 rw-p 00016000 08:01 7999864                    /lib/x86_64-linux-gnu/libnsl-2.23.so
7f619cb99000-7f619cb9b000 rw-p 00000000 00:00 0 
7f619cb9b000-7f619cba3000 r-xp 00000000 08:01 7999507                    /lib/x86_64-linux-gnu/libnss_compat-2.23.so
7f619cba3000-7f619cda2000 ---p 00008000 08:01 7999507                    /lib/x86_64-linux-gnu/libnss_compat-2.23.so
7f619cda2000-7f619cda3000 r--p 00007000 08:01 7999507                    /lib/x86_64-linux-gnu/libnss_compat-2.23.so
7f619cda3000-7f619cda4000 rw-p 00008000 08:01 7999507                    /lib/x86_64-linux-gnu/libnss_compat-2.23.so
7f619cda4000-7f619cdce000 r-xp 00000000 08:01 3284615                    /usr/lib/jvm/java-8-oracle/jre/lib/amd64/libjava.so
7f619cdce000-7f619cfce000 ---p 0002a000 08:01 3284615                    /usr/lib/jvm/java-8-oracle/jre/lib/amd64/libjava.so
7f619cfce000-7f619cfd0000 rw-p 0002a000 08:01 3284615                    /usr/lib/jvm/java-8-oracle/jre/lib/amd64/libjava.so
7f619cfd0000-7f619cfdd000 r-xp 00000000 08:01 3284672                    /usr/lib/jvm/java-8-oracle/jre/lib/amd64/libverify.so
7f619cfdd000-7f619d1dd000 ---p 0000d000 08:01 3284672                    /usr/lib/jvm/java-8-oracle/jre/lib/amd64/libverify.so
7f619d1dd000-7f619d1df000 rw-p 0000d000 08:01 3284672                    /usr/lib/jvm/java-8-oracle/jre/lib/amd64/libverify.so
7f619d1df000-7f619d1e6000 r-xp 00000000 08:01 7999892                    /lib/x86_64-linux-gnu/librt-2.23.so
7f619d1e6000-7f619d3e5000 ---p 00007000 08:01 7999892                    /lib/x86_64-linux-gnu/librt-2.23.so
7f619d3e5000-7f619d3e6000 r--p 00006000 08:01 7999892                    /lib/x86_64-linux-gnu/librt-2.23.so
7f619d3e6000-7f619d3e7000 rw-p 00007000 08:01 7999892                    /lib/x86_64-linux-gnu/librt-2.23.so
7f619d3e7000-7f619d4ef000 r-xp 00000000 08:01 7999886                    /lib/x86_64-linux-gnu/libm-2.23.so
7f619d4ef000-7f619d6ee000 ---p 00108000 08:01 7999886                    /lib/x86_64-linux-gnu/libm-2.23.so
7f619d6ee000-7f619d6ef000 r--p 00107000 08:01 7999886                    /lib/x86_64-linux-gnu/libm-2.23.so
7f619d6ef000-7f619d6f0000 rw-p 00108000 08:01 7999886                    /lib/x86_64-linux-gnu/libm-2.23.so
7f619d6f0000-7f619e3b0000 r-xp 00000000 08:01 3284648                    /usr/lib/jvm/java-8-oracle/jre/lib/amd64/server/libjvm.so
7f619e3b0000-7f619e5b0000 ---p 00cc0000 08:01 3284648                    /usr/lib/jvm/java-8-oracle/jre/lib/amd64/server/libjvm.so
7f619e5b0000-7f619e688000 rw-p 00cc0000 08:01 3284648                    /usr/lib/jvm/java-8-oracle/jre/lib/amd64/server/libjvm.so
7f619e688000-7f619e6d3000 rw-p 00000000 00:00 0 
7f619e6d3000-7f619e893000 r-xp 00000000 08:01 7999902                    /lib/x86_64-linux-gnu/libc-2.23.so
7f619e893000-7f619ea92000 ---p 001c0000 08:01 7999902                    /lib/x86_64-linux-gnu/libc-2.23.so
7f619ea92000-7f619ea96000 r--p 001bf000 08:01 7999902                    /lib/x86_64-linux-gnu/libc-2.23.so
7f619ea96000-7f619ea98000 rw-p 001c3000 08:01 7999902                    /lib/x86_64-linux-gnu/libc-2.23.so
7f619ea98000-7f619ea9c000 rw-p 00000000 00:00 0 
7f619ea9c000-7f619ea9f000 r-xp 00000000 08:01 7999904                    /lib/x86_64-linux-gnu/libdl-2.23.so
7f619ea9f000-7f619ec9e000 ---p 00003000 08:01 7999904                    /lib/x86_64-linux-gnu/libdl-2.23.so
7f619ec9e000-7f619ec9f000 r--p 00002000 08:01 7999904                    /lib/x86_64-linux-gnu/libdl-2.23.so
7f619ec9f000-7f619eca0000 rw-p 00003000 08:01 7999904                    /lib/x86_64-linux-gnu/libdl-2.23.so
7f619eca0000-7f619ecb5000 r-xp 00000000 08:01 4079274                    /usr/lib/jvm/java-8-oracle/lib/amd64/jli/libjli.so
7f619ecb5000-7f619eeb5000 ---p 00015000 08:01 4079274                    /usr/lib/jvm/java-8-oracle/lib/amd64/jli/libjli.so
7f619eeb5000-7f619eeb6000 rw-p 00015000 08:01 4079274                    /usr/lib/jvm/java-8-oracle/lib/amd64/jli/libjli.so
7f619eeb6000-7f619eece000 r-xp 00000000 08:01 7999900                    /lib/x86_64-linux-gnu/libpthread-2.23.so
7f619eece000-7f619f0cd000 ---p 00018000 08:01 7999900                    /lib/x86_64-linux-gnu/libpthread-2.23.so
7f619f0cd000-7f619f0ce000 r--p 00017000 08:01 7999900                    /lib/x86_64-linux-gnu/libpthread-2.23.so
7f619f0ce000-7f619f0cf000 rw-p 00018000 08:01 7999900                    /lib/x86_64-linux-gnu/libpthread-2.23.so
7f619f0cf000-7f619f0d3000 rw-p 00000000 00:00 0 
7f619f0d3000-7f619f0f9000 r-xp 00000000 08:01 7999894                    /lib/x86_64-linux-gnu/ld-2.23.so
7f619f102000-7f619f1c7000 rw-p 00000000 00:00 0 
7f619f1c7000-7f619f1ca000 ---p 00000000 00:00 0 
7f619f1ca000-7f619f2cc000 rw-p 00000000 00:00 0 
7f619f2d8000-7f619f2ec000 rw-p 00000000 00:00 0 
7f619f2ec000-7f619f2f4000 rw-s 00000000 08:01 12854048                   /tmp/hsperfdata_ahmed/31280
7f619f2f4000-7f619f2f5000 rw-p 00000000 00:00 0 
7f619f2f5000-7f619f2f6000 ---p 00000000 00:00 0 
7f619f2f6000-7f619f2f8000 rw-p 00000000 00:00 0 
7f619f2f8000-7f619f2f9000 r--p 00025000 08:01 7999894                    /lib/x86_64-linux-gnu/ld-2.23.so
7f619f2f9000-7f619f2fa000 rw-p 00026000 08:01 7999894                    /lib/x86_64-linux-gnu/ld-2.23.so
7f619f2fa000-7f619f2fb000 rw-p 00000000 00:00 0 
7ffdbe720000-7ffdbe741000 rw-p 00000000 00:00 0                          [stack]
7ffdbe741000-7ffdbe743000 r--p 00000000 00:00 0                          [vvar]
7ffdbe743000-7ffdbe745000 r-xp 00000000 00:00 0                          [vdso]
ffffffffff600000-ffffffffff601000 r-xp 00000000 00:00 0                  [vsyscall]

VM Arguments:
jvm_args: -Djava.awt.headless=true -Xmx1024M -Dfile.encoding=UTF-8 -Duser.country=US -Duser.language=en -Duser.variant 
java_command: com.android.dx.command.Main --dex --force-jumbo --num-threads=4 --multi-dex --output /home/ahmed/myData/Udacity/PopularMovies/app/build/intermediates/transforms/dex/debug/folders/1000/10/com.android.support-support-v4-23.4.0_8b57294bbee5bbb7843c03394dd1207aabd5132d /home/ahmed/myData/Udacity/PopularMovies/app/build/intermediates/exploded-aar/com.android.support/support-v4/23.4.0/jars/classes.jar
java_class_path (initial): /home/ahmed/Android/Sdk/build-tools/23.0.3/lib/dx.jar
Launcher Type: SUN_STANDARD

Environment Variables:
JAVA_HOME=/usr/lib/jvm/java-8-oracle
PATH=/usr/local/sbin:/usr/local/bin:/usr/sbin:/usr/bin:/sbin:/bin:/usr/games:/usr/local/games:/snap/bin
LD_LIBRARY_PATH=/home/ahmed/myData/android-studio/bin:
SHELL=/bin/bash
DISPLAY=:0

Signal Handlers:
SIGSEGV: [libjvm.so+0xabca10], sa_mask[0]=11111111011111111101111111111110, sa_flags=SA_RESTART|SA_SIGINFO
SIGBUS: [libjvm.so+0xabca10], sa_mask[0]=11111111011111111101111111111110, sa_flags=SA_RESTART|SA_SIGINFO
SIGFPE: [libjvm.so+0x919a20], sa_mask[0]=11111111011111111101111111111110, sa_flags=SA_RESTART|SA_SIGINFO
SIGPIPE: [libjvm.so+0x919a20], sa_mask[0]=11111111011111111101111111111110, sa_flags=SA_RESTART|SA_SIGINFO
SIGXFSZ: [libjvm.so+0x919a20], sa_mask[0]=11111111011111111101111111111110, sa_flags=SA_RESTART|SA_SIGINFO
SIGILL: [libjvm.so+0x919a20], sa_mask[0]=11111111011111111101111111111110, sa_flags=SA_RESTART|SA_SIGINFO
SIGUSR1: SIG_DFL, sa_mask[0]=00000000000000000000000000000000, sa_flags=none
SIGUSR2: [libjvm.so+0x91b050], sa_mask[0]=00100000000000000000000000000000, sa_flags=SA_RESTART|SA_SIGINFO
SIGHUP: [libjvm.so+0x91c450], sa_mask[0]=11111111011111111101111111111110, sa_flags=SA_RESTART|SA_SIGINFO
SIGINT: [libjvm.so+0x91c450], sa_mask[0]=11111111011111111101111111111110, sa_flags=SA_RESTART|SA_SIGINFO
SIGTERM: [libjvm.so+0x91c450], sa_mask[0]=11111111011111111101111111111110, sa_flags=SA_RESTART|SA_SIGINFO
SIGQUIT: [libjvm.so+0x91c450], sa_mask[0]=11111111011111111101111111111110, sa_flags=SA_RESTART|SA_SIGINFO


---------------  S Y S T E M  ---------------

OS:DISTRIB_ID=Ubuntu
DISTRIB_RELEASE=16.04
DISTRIB_CODENAME=xenial
DISTRIB_DESCRIPTION="Ubuntu 16.04.1 LTS"

uname:Linux 4.4.0-34-generic #53-Ubuntu SMP Wed Jul 27 16:06:39 UTC 2016 x86_64
libc:glibc 2.23 NPTL 2.23 
rlimit: STACK 8192k, CORE 0k, NPROC 23427, NOFILE 65536, AS infinity
load average:14.05 8.36 4.41

/proc/meminfo:
MemTotal:        6033536 kB
MemFree:          192604 kB
MemAvailable:     222328 kB
Buffers:           13916 kB
Cached:           677148 kB
SwapCached:        63904 kB
Active:          4416504 kB
Inactive:        1167736 kB
Active(anon):    4292520 kB
Inactive(anon):  1086640 kB
Active(file):     123984 kB
Inactive(file):    81096 kB
Unevictable:          48 kB
Mlocked:              48 kB
SwapTotal:       6213628 kB
SwapFree:        4864476 kB
Dirty:              6272 kB
Writeback:             0 kB
AnonPages:       4875108 kB
Mapped:           415740 kB
Shmem:            485976 kB
Slab:             125720 kB
SReclaimable:      74888 kB
SUnreclaim:        50832 kB
KernelStack:       15024 kB
PageTables:        64284 kB
NFS_Unstable:          0 kB
Bounce:                0 kB
WritebackTmp:          0 kB
CommitLimit:     9230396 kB
Committed_AS:   13322952 kB
VmallocTotal:   34359738367 kB
VmallocUsed:           0 kB
VmallocChunk:          0 kB
HardwareCorrupted:     0 kB
AnonHugePages:   2263040 kB
CmaTotal:              0 kB
CmaFree:               0 kB
HugePages_Total:       0
HugePages_Free:        0
HugePages_Rsvd:        0
HugePages_Surp:        0
Hugepagesize:       2048 kB
DirectMap4k:      222792 kB
DirectMap2M:     5992448 kB


CPU:total 4 (2 cores per cpu, 2 threads per core) family 6 model 42 stepping 7, cmov, cx8, fxsr, mmx, sse, sse2, sse3, ssse3, sse4.1, sse4.2, popcnt, avx, clmul, ht, tsc, tscinvbit

/proc/cpuinfo:
processor	: 0
vendor_id	: GenuineIntel
cpu family	: 6
model		: 42
model name	: Intel(R) Core(TM) i3-2310M CPU @ 2.10GHz
stepping	: 7
microcode	: 0x14
cpu MHz		: 1799.929
cache size	: 3072 KB
physical id	: 0
siblings	: 4
core id		: 0
cpu cores	: 2
apicid		: 0
initial apicid	: 0
fpu		: yes
fpu_exception	: yes
cpuid level	: 13
wp		: yes
flags		: fpu vme de pse tsc msr pae mce cx8 apic sep mtrr pge mca cmov pat pse36 clflush dts acpi mmx fxsr sse sse2 ss ht tm pbe syscall nx rdtscp lm constant_tsc arch_perfmon pebs bts rep_good nopl xtopology nonstop_tsc aperfmperf eagerfpu pni pclmulqdq dtes64 monitor ds_cpl vmx est tm2 ssse3 cx16 xtpr pdcm pcid sse4_1 sse4_2 x2apic popcnt tsc_deadline_timer xsave avx lahf_lm epb tpr_shadow vnmi flexpriority ept vpid xsaveopt dtherm arat pln pts
bugs		:
bogomips	: 4190.42
clflush size	: 64
cache_alignment	: 64
address sizes	: 36 bits physical, 48 bits virtual
power management:

processor	: 1
vendor_id	: GenuineIntel
cpu family	: 6
model		: 42
model name	: Intel(R) Core(TM) i3-2310M CPU @ 2.10GHz
stepping	: 7
microcode	: 0x14
cpu MHz		: 1799.929
cache size	: 3072 KB
physical id	: 0
siblings	: 4
core id		: 0
cpu cores	: 2
apicid		: 1
initial apicid	: 1
fpu		: yes
fpu_exception	: yes
cpuid level	: 13
wp		: yes
flags		: fpu vme de pse tsc msr pae mce cx8 apic sep mtrr pge mca cmov pat pse36 clflush dts acpi mmx fxsr sse sse2 ss ht tm pbe syscall nx rdtscp lm constant_tsc arch_perfmon pebs bts rep_good nopl xtopology nonstop_tsc aperfmperf eagerfpu pni pclmulqdq dtes64 monitor ds_cpl vmx est tm2 ssse3 cx16 xtpr pdcm pcid sse4_1 sse4_2 x2apic popcnt tsc_deadline_timer xsave avx lahf_lm epb tpr_shadow vnmi flexpriority ept vpid xsaveopt dtherm arat pln pts
bugs		:
bogomips	: 4190.42
clflush size	: 64
cache_alignment	: 64
address sizes	: 36 bits physical, 48 bits virtual
power management:

processor	: 2
vendor_id	: GenuineIntel
cpu family	: 6
model		: 42
model name	: Intel(R) Core(TM) i3-2310M CPU @ 2.10GHz
stepping	: 7
microcode	: 0x14
cpu MHz		: 1799.929
cache size	: 3072 KB
physical id	: 0
siblings	: 4
core id		: 1
cpu cores	: 2
apicid		: 2
initial apicid	: 2
fpu		: yes
fpu_exception	: yes
cpuid level	: 13
wp		: yes
flags		: fpu vme de pse tsc msr pae mce cx8 apic sep mtrr pge mca cmov pat pse36 clflush dts acpi mmx fxsr sse sse2 ss ht tm pbe syscall nx rdtscp lm constant_tsc arch_perfmon pebs bts rep_good nopl xtopology nonstop_tsc aperfmperf eagerfpu pni pclmulqdq dtes64 monitor ds_cpl vmx est tm2 ssse3 cx16 xtpr pdcm pcid sse4_1 sse4_2 x2apic popcnt tsc_deadline_timer xsave avx lahf_lm epb tpr_shadow vnmi flexpriority ept vpid xsaveopt dtherm arat pln pts
bugs		:
bogomips	: 4190.42
clflush size	: 64
cache_alignment	: 64
address sizes	: 36 bits physical, 48 bits virtual
power management:

processor	: 3
vendor_id	: GenuineIntel
cpu family	: 6
model		: 42
model name	: Intel(R) Core(TM) i3-2310M CPU @ 2.10GHz
stepping	: 7
microcode	: 0x14
cpu MHz		: 1799.929
cache size	: 3072 KB
physical id	: 0
siblings	: 4
core id		: 1
cpu cores	: 2
apicid		: 3
initial apicid	: 3
fpu		: yes
fpu_exception	: yes
cpuid level	: 13
wp		: yes
flags		: fpu vme de pse tsc msr pae mce cx8 apic sep mtrr pge mca cmov pat pse36 clflush dts acpi mmx fxsr sse sse2 ss ht tm pbe syscall nx rdtscp lm constant_tsc arch_perfmon pebs bts rep_good nopl xtopology nonstop_tsc aperfmperf eagerfpu pni pclmulqdq dtes64 monitor ds_cpl vmx est tm2 ssse3 cx16 xtpr pdcm pcid sse4_1 sse4_2 x2apic popcnt tsc_deadline_timer xsave avx lahf_lm epb tpr_shadow vnmi flexpriority ept vpid xsaveopt dtherm arat pln pts
bugs		:
bogomips	: 4190.42
clflush size	: 64
cache_alignment	: 64
address sizes	: 36 bits physical, 48 bits virtual
power management:



Memory: 4k page, physical 6033536k(192604k free), swap 6213628k(4864476k free)

vm_info: Java HotSpot(TM) 64-Bit Server VM (25.91-b14) for linux-amd64 JRE (1.8.0_91-b14), built on Apr  1 2016 00:57:21 by "java_re" with gcc 4.3.0 20080428 (Red Hat 4.3.0-8)

time: Sat Aug 20 00:11:32 2016
elapsed time: 11 seconds (0d 0h 0m 11s)

