#
# A fatal error has been detected by the Java Runtime Environment:
#
#  SIGSEGV (0xb) at pc=0x00007f1aaf424583, pid=30665, tid=139752546096896
#
# JRE version: Java(TM) SE Runtime Environment (8.0_91-b14) (build 1.8.0_91-b14)
# Java VM: Java HotSpot(TM) 64-Bit Server VM (25.91-b14 mixed mode linux-amd64 compressed oops)
# Problematic frame:
# V  [libjvm.so+0x986583]  oopDesc* PSPromotionManager::copy_to_survivor_space<false>(oopDesc*)+0x143
#
# Failed to write core dump. Core dumps have been disabled. To enable core dumping, try "ulimit -c unlimited" before starting Java again
#
# If you would like to submit a bug report, please visit:
#   http://bugreport.java.com/bugreport/crash.jsp
#

---------------  T H R E A D  ---------------

Current thread (0x00007f1aa8022800):  GCTaskThread [stack: 0x00007f1aaccdd000,0x00007f1aacdde000] [id=30691]

siginfo: si_signo: 11 (SIGSEGV), si_code: 2 (SEGV_ACCERR), si_addr: 0x000000010207c610

Registers:
RAX=0x00007f1aafa21490, RBX=0x00000000c0b7b7a4, RCX=0x0000000000000003, RDX=0x0000000000000001
RSP=0x00007f1aacddcab0, RBP=0x00007f1aacddcb20, RSI=0x00000000eba9da08, RDI=0x000000010207c608
R8 =0x00000000c0b7b970, R9 =0x0000000000000000, R10=0x00007f1aafa45879, R11=0x00007f1aacddca60
R12=0x00000000eba9da08, R13=0x0000000000000005, R14=0x0000000000000000, R15=0x00007f1aa8075368
RIP=0x00007f1aaf424583, EFLAGS=0x0000000000010202, CSGSFS=0x0000000000000033, ERR=0x0000000000000004
  TRAPNO=0x000000000000000e

Top of Stack: (sp=0x00007f1aacddcab0)
0x00007f1aacddcab0:   0000000000000000 00007f1aafa45879
0x00007f1aacddcac0:   00007f1aa8075328 00007f1aa8075300
0x00007f1aacddcad0:   00000000c0b7a270 0000000000000400
0x00007f1aacddcae0:   00000000eafb9442 00007f1aacddcb10
0x00007f1aacddcaf0:   00007f1aacddcb20 00000000c0b7b7a4
0x00007f1aacddcb00:   00007f1aa8075300 00007f1aafa21480
0x00007f1aacddcb10:   0000000000000000 00007f1aa8075368
0x00007f1aacddcb20:   00007f1aacddcc10 00007f1aaf423e08
0x00007f1aacddcb30:   00007f1aacddcb90 00007f1aacddcba0
0x00007f1aacddcb40:   00007f1aacddcbb0 00007f1aacddcb70
0x00007f1aacddcb50:   00007f1aacddcb80 00007f1aacddcbd0
0x00007f1aacddcb60:   01007f1aacddcc20 00007f1aa8075398
0x00007f1aacddcb70:   00000000eba9de58 0000000000000005
0x00007f1aacddcb80:   0000000000000001 0000000000000003
0x00007f1aacddcb90:   00007f1aacddcc10 00007f1aaf4249ae
0x00007f1aacddcba0:   0000005b000004a8 00007f1aaf5e413b
0x00007f1aacddcbb0:   00000130000001e8 00007f1aa8075300
0x00007f1aacddcbc0:   00000131000001e8 00007f1aaf5e414f
0x00007f1aacddcbd0:   00000000c0b7b7a5 00007f1aacddcc00
0x00007f1aacddcbe0:   00007f1aaf9f8a50 00000000c045dbf0
0x00007f1aacddcbf0:   00007f1aafa21480 0000000000000002
0x00007f1aacddcc00:   00007f1aacddcc30 00007f1aacddcc3c
0x00007f1aacddcc10:   00007f1aacddcc70 00007f1aaf427c0e
0x00007f1aacddcc20:   00007f1a680111e0 00007f1aa8075300
0x00007f1aacddcc30:   00000000c045dbf1 67486463af072b57
0x00007f1aacddcc40:   00007f1aacddcc70 00007f1a680111e0
0x00007f1aacddcc50:   00007f1aa8022800 0000000000000001
0x00007f1aacddcc60:   00007f1aa80231b0 00007f1aaf5e4161
0x00007f1aacddcc70:   00007f1aacddcd80 00007f1aaf07384f
0x00007f1aacddcc80:   0000000000000000 00007f1aacddccc0
0x00007f1aacddcc90:   00007f1aacddcd40 0000000000000000
0x00007f1aacddcca0:   00007f1aa80231f0 00007f1aa8023200 

Instructions: (pc=0x00007f1aaf424583)
0x00007f1aaf424563:   83 e0 07 48 83 f8 05 75 d3 31 db eb d6 48 8b 05
0x00007f1aaf424573:   31 df 5d 00 8b 7e 08 8b 48 08 48 d3 e7 48 03 38
0x00007f1aaf424583:   8b 77 08 83 fe 00 0f 8f 0a ff ff ff 0f 85 4b 02
0x00007f1aaf424593:   00 00 0f 1f 00 48 8b 07 4c 89 e6 4c 89 55 98 ff 

Register to memory mapping:

RAX=0x00007f1aafa21490: <offset 0xf83490> in /usr/lib/jvm/java-8-oracle/jre/lib/amd64/server/libjvm.so at 0x00007f1aaea9e000
RBX=0x00000000c0b7b7a4 is pointing into object: 0x00000000c0b7b778
[Lcom.android.dx.util.IntList; 
 - klass: 'com/android/dx/util/IntList'[]
 - length: 25
RCX=0x0000000000000003 is an unknown value
RDX=0x0000000000000001 is an unknown value
RSP=0x00007f1aacddcab0 is an unknown value
RBP=0x00007f1aacddcb20 is an unknown value
RSI=0x00000000eba9da08 is an oop

[error occurred during error reporting (printing register info), id 0xb]

Stack: [0x00007f1aaccdd000,0x00007f1aacdde000],  sp=0x00007f1aacddcab0,  free space=1022k
Native frames: (J=compiled Java code, j=interpreted, Vv=VM code, C=native code)
V  [libjvm.so+0x986583]  oopDesc* PSPromotionManager::copy_to_survivor_space<false>(oopDesc*)+0x143
V  [libjvm.so+0x985e08]  PSPromotionManager::drain_stacks_depth(bool)+0x7e8
V  [libjvm.so+0x989c0e]  StealTask::do_it(GCTaskManager*, unsigned int)+0x19e
V  [libjvm.so+0x5d584f]  GCTaskThread::run()+0x12f
V  [libjvm.so+0x91ef78]  java_start(Thread*)+0x108


---------------  P R O C E S S  ---------------

Java Threads: ( => current thread )
  0x00007f1aa8162800 JavaThread "pool-2-thread-4" [_thread_blocked, id=30765, stack(0x00007f1a90e04000,0x00007f1a90f05000)]
  0x00007f1aa8161000 JavaThread "pool-2-thread-3" [_thread_blocked, id=30764, stack(0x00007f1a90f05000,0x00007f1a91006000)]
  0x00007f1aa815f800 JavaThread "pool-2-thread-2" [_thread_blocked, id=30763, stack(0x00007f1a91006000,0x00007f1a91107000)]
  0x00007f1aa8154000 JavaThread "pool-3-thread-1" [_thread_blocked, id=30762, stack(0x00007f1a91107000,0x00007f1a91208000)]
  0x00007f1aa8151800 JavaThread "pool-2-thread-1" [_thread_blocked, id=30761, stack(0x00007f1a91208000,0x00007f1a91309000)]
  0x00007f1aa80c1800 JavaThread "Service Thread" daemon [_thread_blocked, id=30727, stack(0x00007f1a9140a000,0x00007f1a9150b000)]
  0x00007f1aa80be000 JavaThread "C1 CompilerThread2" daemon [_thread_blocked, id=30725, stack(0x00007f1a9150b000,0x00007f1a9160c000)]
  0x00007f1aa80bc800 JavaThread "C2 CompilerThread1" daemon [_thread_blocked, id=30724, stack(0x00007f1a9160c000,0x00007f1a9170d000)]
  0x00007f1aa80b9800 JavaThread "C2 CompilerThread0" daemon [_thread_blocked, id=30722, stack(0x00007f1a9170d000,0x00007f1a9180e000)]
  0x00007f1aa80b8000 JavaThread "Signal Dispatcher" daemon [_thread_blocked, id=30718, stack(0x00007f1a9180e000,0x00007f1a9190f000)]
  0x00007f1aa8084000 JavaThread "Finalizer" daemon [_thread_blocked, id=30704, stack(0x00007f1a91bfc000,0x00007f1a91cfd000)]
  0x00007f1aa807f800 JavaThread "Reference Handler" daemon [_thread_blocked, id=30701, stack(0x00007f1a91cfd000,0x00007f1a91dfe000)]
  0x00007f1aa800a000 JavaThread "main" [_thread_blocked, id=30675, stack(0x00007f1ab0575000,0x00007f1ab0676000)]

Other Threads:
  0x00007f1aa8078000 VMThread [stack: 0x00007f1a91dfe000,0x00007f1a91eff000] [id=30697]
  0x00007f1aa80c4000 WatcherThread [stack: 0x00007f1a91309000,0x00007f1a9140a000] [id=30728]

=>0x00007f1aa8022800 (exited) GCTaskThread [stack: 0x00007f1aaccdd000,0x00007f1aacdde000] [id=30691]

VM state:at safepoint (normal execution)

VM Mutex/Monitor currently owned by a thread:  ([mutex/lock_event])
[0x00007f1aa8006530] Threads_lock - owner thread: 0x00007f1aa8078000
[0x00007f1aa8006a30] Heap_lock - owner thread: 0x00007f1aa8151800

Heap:
 PSYoungGen      total 52736K, used 52717K [0x00000000eab00000, 0x00000000ee200000, 0x0000000100000000)
  eden space 49152K, 100% used [0x00000000eab00000,0x00000000edb00000,0x00000000edb00000)
  from space 3584K, 99% used [0x00000000ede80000,0x00000000ee1fb758,0x00000000ee200000)
  to   space 3584K, 99% used [0x00000000edb00000,0x00000000ede7dd00,0x00000000ede80000)
 ParOldGen       total 64512K, used 12140K [0x00000000c0000000, 0x00000000c3f00000, 0x00000000eab00000)
  object space 64512K, 18% used [0x00000000c0000000,0x00000000c0bdb3e8,0x00000000c3f00000)
 Metaspace       used 5911K, capacity 6896K, committed 7040K, reserved 1056768K
  class space    used 593K, capacity 616K, committed 640K, reserved 1048576K

Card table byte_map: [0x00007f1aad136000,0x00007f1aad337000] byte_map_base: 0x00007f1aacb36000

Marking Bits: (ParMarkBitMap*) 0x00007f1aafa54d60
 Begin Bits: [0x00007f1a92000000, 0x00007f1a93000000)
 End Bits:   [0x00007f1a93000000, 0x00007f1a94000000)

Polling page: 0x00007f1ab06a3000

CodeCache: size=245760Kb used=4094Kb max_used=4094Kb free=241666Kb
 bounds [0x00007f1a99000000, 0x00007f1a99410000, 0x00007f1aa8000000]
 total_blobs=1363 nmethods=1095 adapters=182
 compilation: enabled

Compilation events (10 events):
Event: 5.758 Thread 0x00007f1aa80b9800 nmethod 965 0x00007f1a993b8350 code [0x00007f1a993b84a0, 0x00007f1a993b8538]
Event: 5.758 Thread 0x00007f1aa80b9800 1029 %     4       com.android.dx.ssa.SsaMethod::computeReachability @ 8 (131 bytes)
Event: 5.762 Thread 0x00007f1aa80be000 nmethod 1123 0x00007f1a993fe1d0 code [0x00007f1a993fe3a0, 0x00007f1a993fe798]
Event: 5.762 Thread 0x00007f1aa80be000 1299   !   2       com.android.dx.cf.direct.AttributeListParser::parse (323 bytes)
Event: 5.790 Thread 0x00007f1aa80be000 nmethod 1299 0x00007f1a994025d0 code [0x00007f1a994029a0, 0x00007f1a99403da8]
Event: 5.790 Thread 0x00007f1aa80be000 1316       1       com.android.dx.rop.code.Insn$BaseVisitor::visitThrowingCstInsn (1 bytes)
Event: 5.790 Thread 0x00007f1aa80be000 nmethod 1316 0x00007f1a993fdf10 code [0x00007f1a993fe060, 0x00007f1a993fe170]
Event: 5.790 Thread 0x00007f1aa80be000 1296       2       com.android.dx.cf.code.BaseMachine::popArgs (127 bytes)
Event: 5.792 Thread 0x00007f1aa80be000 nmethod 1296 0x00007f1a993ff690 code [0x00007f1a993ff8e0, 0x00007f1a993fffc8]
Event: 5.792 Thread 0x00007f1aa80be000 1313       2       java.util.TreeMap::getFirstEntry (26 bytes)

GC Heap History (5 events):
Event: 3.147 GC heap before
{Heap before GC invocations=1 (full 0):
 PSYoungGen      total 28160K, used 24576K [0x00000000eab00000, 0x00000000eca00000, 0x0000000100000000)
  eden space 24576K, 100% used [0x00000000eab00000,0x00000000ec300000,0x00000000ec300000)
  from space 3584K, 0% used [0x00000000ec680000,0x00000000ec680000,0x00000000eca00000)
  to   space 3584K, 0% used [0x00000000ec300000,0x00000000ec300000,0x00000000ec680000)
 ParOldGen       total 64512K, used 0K [0x00000000c0000000, 0x00000000c3f00000, 0x00000000eab00000)
  object space 64512K, 0% used [0x00000000c0000000,0x00000000c0000000,0x00000000c3f00000)
 Metaspace       used 5731K, capacity 6704K, committed 6784K, reserved 1056768K
  class space    used 592K, capacity 616K, committed 640K, reserved 1048576K
Event: 3.215 GC heap after
Heap after GC invocations=1 (full 0):
 PSYoungGen      total 28160K, used 3560K [0x00000000eab00000, 0x00000000ee200000, 0x0000000100000000)
  eden space 24576K, 0% used [0x00000000eab00000,0x00000000eab00000,0x00000000ec300000)
  from space 3584K, 99% used [0x00000000ec300000,0x00000000ec67a2e8,0x00000000ec680000)
  to   space 3584K, 0% used [0x00000000ede80000,0x00000000ede80000,0x00000000ee200000)
 ParOldGen       total 64512K, used 1342K [0x00000000c0000000, 0x00000000c3f00000, 0x00000000eab00000)
  object space 64512K, 2% used [0x00000000c0000000,0x00000000c014f918,0x00000000c3f00000)
 Metaspace       used 5731K, capacity 6704K, committed 6784K, reserved 1056768K
  class space    used 592K, capacity 616K, committed 640K, reserved 1048576K
}
Event: 4.512 GC heap before
{Heap before GC invocations=2 (full 0):
 PSYoungGen      total 28160K, used 28136K [0x00000000eab00000, 0x00000000ee200000, 0x0000000100000000)
  eden space 24576K, 100% used [0x00000000eab00000,0x00000000ec300000,0x00000000ec300000)
  from space 3584K, 99% used [0x00000000ec300000,0x00000000ec67a2e8,0x00000000ec680000)
  to   space 3584K, 0% used [0x00000000ede80000,0x00000000ede80000,0x00000000ee200000)
 ParOldGen       total 64512K, used 1342K [0x00000000c0000000, 0x00000000c3f00000, 0x00000000eab00000)
  object space 64512K, 2% used [0x00000000c0000000,0x00000000c014f918,0x00000000c3f00000)
 Metaspace       used 5877K, capacity 6832K, committed 7040K, reserved 1056768K
  class space    used 593K, capacity 616K, committed 640K, reserved 1048576K
Event: 4.606 GC heap after
Heap after GC invocations=2 (full 0):
 PSYoungGen      total 52736K, used 3565K [0x00000000eab00000, 0x00000000ee200000, 0x0000000100000000)
  eden space 49152K, 0% used [0x00000000eab00000,0x00000000eab00000,0x00000000edb00000)
  from space 3584K, 99% used [0x00000000ede80000,0x00000000ee1fb758,0x00000000ee200000)
  to   space 3584K, 0% used [0x00000000edb00000,0x00000000edb00000,0x00000000ede80000)
 ParOldGen       total 64512K, used 4948K [0x00000000c0000000, 0x00000000c3f00000, 0x00000000eab00000)
  object space 64512K, 7% used [0x00000000c0000000,0x00000000c04d5320,0x00000000c3f00000)
 Metaspace       used 5877K, capacity 6832K, committed 7040K, reserved 1056768K
  class space    used 593K, capacity 616K, committed 640K, reserved 1048576K
}
Event: 5.826 GC heap before
{Heap before GC invocations=3 (full 0):
 PSYoungGen      total 52736K, used 52717K [0x00000000eab00000, 0x00000000ee200000, 0x0000000100000000)
  eden space 49152K, 100% used [0x00000000eab00000,0x00000000edb00000,0x00000000edb00000)
  from space 3584K, 99% used [0x00000000ede80000,0x00000000ee1fb758,0x00000000ee200000)
  to   space 3584K, 0% used [0x00000000edb00000,0x00000000edb00000,0x00000000ede80000)
 ParOldGen       total 64512K, used 4948K [0x00000000c0000000, 0x00000000c3f00000, 0x00000000eab00000)
  object space 64512K, 7% used [0x00000000c0000000,0x00000000c04d5320,0x00000000c3f00000)
 Metaspace       used 5911K, capacity 6896K, committed 7040K, reserved 1056768K
  class space    used 593K, capacity 616K, committed 640K, reserved 1048576K

Deoptimization events (8 events):
Event: 0.773 Thread 0x00007f1aa800a000 Uncommon trap: reason=unstable_if action=reinterpret pc=0x00007f1a9914dc98 method=java.lang.String.compareTo(Ljava/lang/String;)I @ 38
Event: 0.910 Thread 0x00007f1aa800a000 Uncommon trap: reason=unstable_if action=reinterpret pc=0x00007f1a991667d0 method=java.lang.String.indexOf(II)I @ 49
Event: 2.038 Thread 0x00007f1aa8162800 Uncommon trap: reason=unstable_if action=reinterpret pc=0x00007f1a991ec6b4 method=java.util.HashMap.getNode(ILjava/lang/Object;)Ljava/util/HashMap$Node; @ 62
Event: 3.642 Thread 0x00007f1aa800a000 Uncommon trap: reason=null_check action=make_not_entrant pc=0x00007f1a992b5fc0 method=com.android.dx.ssa.SsaRenamer.getLocalForNewReg(I)Lcom/android/dx/rop/code/LocalItem; @ 19
Event: 3.700 Thread 0x00007f1aa8151800 Uncommon trap: reason=unstable_if action=reinterpret pc=0x00007f1a992388c0 method=com.android.dx.rop.code.RegisterSpec.equals(ILcom/android/dx/rop/type/TypeBearer;Lcom/android/dx/rop/code/LocalItem;)Z @ 42
Event: 3.925 Thread 0x00007f1aa800a000 Uncommon trap: reason=unstable_if action=reinterpret pc=0x00007f1a991f625c method=java.util.HashMap.getNode(ILjava/lang/Object;)Ljava/util/HashMap$Node; @ 62
Event: 4.899 Thread 0x00007f1aa800a000 Uncommon trap: reason=unstable_if action=reinterpret pc=0x00007f1a99267c1c method=com.android.dx.rop.cst.Constant.compareTo(Lcom/android/dx/rop/cst/Constant;)I @ 12
Event: 5.531 Thread 0x00007f1aa800a000 Uncommon trap: reason=unstable_if action=reinterpret pc=0x00007f1a993b0d04 method=com.android.dx.util.IntList.binarysearch(I)I @ 105

Internal exceptions (3 events):
Event: 0.136 Thread 0x00007f1aa800a000 Exception <a 'java/lang/NoSuchMethodError': Method sun.misc.Unsafe.defineClass(Ljava/lang/String;[BII)Ljava/lang/Class; name or signature does not match> (0x00000000eab07cc0) thrown at [/HUDSON/workspace/8-2-build-linux-amd64/jdk8u91/6644/hotspot/src/shar
Event: 0.136 Thread 0x00007f1aa800a000 Exception <a 'java/lang/NoSuchMethodError': Method sun.misc.Unsafe.prefetchRead(Ljava/lang/Object;J)V name or signature does not match> (0x00000000eab07fa8) thrown at [/HUDSON/workspace/8-2-build-linux-amd64/jdk8u91/6644/hotspot/src/share/vm/prims/jni.cpp
Event: 3.642 Thread 0x00007f1aa800a000 Implicit null exception at 0x00007f1a992b30ac to 0x00007f1a992b5f7d

Events (10 events):
Event: 5.433 Thread 0x00007f1aa8161000 DEOPT PACKING pc=0x00007f1a9939663f sp=0x00007f1a910040b0
Event: 5.433 Thread 0x00007f1aa8161000 DEOPT UNPACKING pc=0x00007f1a99047633 sp=0x00007f1a91003f18 mode 0
Event: 5.531 Thread 0x00007f1aa800a000 Uncommon trap: trap_request=0xffffff65 fr.pc=0x00007f1a993b0d04
Event: 5.531 Thread 0x00007f1aa800a000 DEOPT PACKING pc=0x00007f1a993b0d04 sp=0x00007f1ab06737b0
Event: 5.531 Thread 0x00007f1aa800a000 DEOPT UNPACKING pc=0x00007f1a99005229 sp=0x00007f1ab0673748 mode 2
Event: 5.624 Thread 0x00007f1aa8162800 DEOPT PACKING pc=0x00007f1a9930d885 sp=0x00007f1a90f031d0
Event: 5.624 Thread 0x00007f1aa8162800 DEOPT UNPACKING pc=0x00007f1a99047633 sp=0x00007f1a90f02ee8 mode 0
Event: 5.817 Thread 0x00007f1aa800a000 DEOPT PACKING pc=0x00007f1a993c302c sp=0x00007f1ab06739c0
Event: 5.817 Thread 0x00007f1aa800a000 DEOPT UNPACKING pc=0x00007f1a99047633 sp=0x00007f1ab06736d0 mode 0
Event: 5.819 Executing VM operation: ParallelGCFailedAllocation


Dynamic libraries:
00400000-00401000 r-xp 00000000 08:01 3016174                            /usr/lib/jvm/java-8-oracle/bin/java
00600000-00601000 rw-p 00000000 08:01 3016174                            /usr/lib/jvm/java-8-oracle/bin/java
0167c000-0169d000 rw-p 00000000 00:00 0                                  [heap]
c0000000-c3f00000 rw-p 00000000 00:00 0 
c3f00000-eab00000 ---p 00000000 00:00 0 
eab00000-ee200000 rw-p 00000000 00:00 0 
ee200000-100000000 ---p 00000000 00:00 0 
100000000-1000a0000 rw-p 00000000 00:00 0 
1000a0000-140000000 ---p 00000000 00:00 0 
7f1a44000000-7f1a44021000 rw-p 00000000 00:00 0 
7f1a44021000-7f1a48000000 ---p 00000000 00:00 0 
7f1a4c000000-7f1a4c021000 rw-p 00000000 00:00 0 
7f1a4c021000-7f1a50000000 ---p 00000000 00:00 0 
7f1a50000000-7f1a50021000 rw-p 00000000 00:00 0 
7f1a50021000-7f1a54000000 ---p 00000000 00:00 0 
7f1a54000000-7f1a54021000 rw-p 00000000 00:00 0 
7f1a54021000-7f1a58000000 ---p 00000000 00:00 0 
7f1a58000000-7f1a58021000 rw-p 00000000 00:00 0 
7f1a58021000-7f1a5c000000 ---p 00000000 00:00 0 
7f1a5c000000-7f1a5c021000 rw-p 00000000 00:00 0 
7f1a5c021000-7f1a60000000 ---p 00000000 00:00 0 
7f1a60000000-7f1a60021000 rw-p 00000000 00:00 0 
7f1a60021000-7f1a64000000 ---p 00000000 00:00 0 
7f1a64000000-7f1a643cc000 rw-p 00000000 00:00 0 
7f1a643cc000-7f1a68000000 ---p 00000000 00:00 0 
7f1a68000000-7f1a68802000 rw-p 00000000 00:00 0 
7f1a68802000-7f1a6c000000 ---p 00000000 00:00 0 
7f1a6c000000-7f1a6c021000 rw-p 00000000 00:00 0 
7f1a6c021000-7f1a70000000 ---p 00000000 00:00 0 
7f1a70000000-7f1a70397000 rw-p 00000000 00:00 0 
7f1a70397000-7f1a74000000 ---p 00000000 00:00 0 
7f1a74000000-7f1a74021000 rw-p 00000000 00:00 0 
7f1a74021000-7f1a78000000 ---p 00000000 00:00 0 
7f1a78000000-7f1a78021000 rw-p 00000000 00:00 0 
7f1a78021000-7f1a7c000000 ---p 00000000 00:00 0 
7f1a7c000000-7f1a7c021000 rw-p 00000000 00:00 0 
7f1a7c021000-7f1a80000000 ---p 00000000 00:00 0 
7f1a80000000-7f1a80021000 rw-p 00000000 00:00 0 
7f1a80021000-7f1a84000000 ---p 00000000 00:00 0 
7f1a84000000-7f1a84021000 rw-p 00000000 00:00 0 
7f1a84021000-7f1a88000000 ---p 00000000 00:00 0 
7f1a8c000000-7f1a8c021000 rw-p 00000000 00:00 0 
7f1a8c021000-7f1a90000000 ---p 00000000 00:00 0 
7f1a90e04000-7f1a90e07000 ---p 00000000 00:00 0 
7f1a90e07000-7f1a90f05000 rw-p 00000000 00:00 0 
7f1a90f05000-7f1a90f08000 ---p 00000000 00:00 0 
7f1a90f08000-7f1a91006000 rw-p 00000000 00:00 0 
7f1a91006000-7f1a91009000 ---p 00000000 00:00 0 
7f1a91009000-7f1a91107000 rw-p 00000000 00:00 0 
7f1a91107000-7f1a9110a000 ---p 00000000 00:00 0 
7f1a9110a000-7f1a91208000 rw-p 00000000 00:00 0 
7f1a91208000-7f1a9120b000 ---p 00000000 00:00 0 
7f1a9120b000-7f1a91309000 rw-p 00000000 00:00 0 
7f1a91309000-7f1a9130a000 ---p 00000000 00:00 0 
7f1a9130a000-7f1a9140a000 rw-p 00000000 00:00 0 
7f1a9140a000-7f1a9140d000 ---p 00000000 00:00 0 
7f1a9140d000-7f1a9150b000 rw-p 00000000 00:00 0 
7f1a9150b000-7f1a9150e000 ---p 00000000 00:00 0 
7f1a9150e000-7f1a9160c000 rw-p 00000000 00:00 0 
7f1a9160c000-7f1a9160f000 ---p 00000000 00:00 0 
7f1a9160f000-7f1a9170d000 rw-p 00000000 00:00 0 
7f1a9170d000-7f1a91710000 ---p 00000000 00:00 0 
7f1a91710000-7f1a9180e000 rw-p 00000000 00:00 0 
7f1a9180e000-7f1a91811000 ---p 00000000 00:00 0 
7f1a91811000-7f1a9190f000 rw-p 00000000 00:00 0 
7f1a9190f000-7f1a91bfc000 r--p 00000000 08:01 2884254                    /usr/lib/locale/locale-archive
7f1a91bfc000-7f1a91bff000 ---p 00000000 00:00 0 
7f1a91bff000-7f1a91cfd000 rw-p 00000000 00:00 0 
7f1a91cfd000-7f1a91d00000 ---p 00000000 00:00 0 
7f1a91d00000-7f1a91dfe000 rw-p 00000000 00:00 0 
7f1a91dfe000-7f1a91dff000 ---p 00000000 00:00 0 
7f1a91dff000-7f1a94000000 rw-p 00000000 00:00 0 
7f1a94000000-7f1a94293000 rw-p 00000000 00:00 0 
7f1a94293000-7f1a98000000 ---p 00000000 00:00 0 
7f1a980b7000-7f1a98e27000 rw-p 00000000 00:00 0 
7f1a98e27000-7f1a99000000 r--s 03d1f000 08:01 3149907                    /usr/lib/jvm/java-8-oracle/jre/lib/rt.jar
7f1a99000000-7f1a99410000 rwxp 00000000 00:00 0 
7f1a99410000-7f1aa8000000 ---p 00000000 00:00 0 
7f1aa8000000-7f1aa8391000 rw-p 00000000 00:00 0 
7f1aa8391000-7f1aac000000 ---p 00000000 00:00 0 
7f1aac007000-7f1aac016000 r--s 000df000 08:01 3938513                    /home/ahmed/Android/Sdk/build-tools/23.0.3/lib/dx.jar
7f1aac016000-7f1aac81c000 rw-p 00000000 00:00 0 
7f1aac81c000-7f1aac9dc000 ---p 00000000 00:00 0 
7f1aac9dc000-7f1aacbdc000 rw-p 00000000 00:00 0 
7f1aacbdc000-7f1aacbdd000 ---p 00000000 00:00 0 
7f1aacbdd000-7f1aaccdd000 rw-p 00000000 00:00 0 
7f1aaccdd000-7f1aaccde000 ---p 00000000 00:00 0 
7f1aaccde000-7f1aacdde000 rw-p 00000000 00:00 0 
7f1aacdde000-7f1aacddf000 ---p 00000000 00:00 0 
7f1aacddf000-7f1aacedf000 rw-p 00000000 00:00 0 
7f1aacedf000-7f1aacee0000 ---p 00000000 00:00 0 
7f1aacee0000-7f1aad000000 rw-p 00000000 00:00 0 
7f1aad000000-7f1aad136000 ---p 00000000 00:00 0 
7f1aad136000-7f1aad156000 rw-p 00000000 00:00 0 
7f1aad156000-7f1aad28b000 ---p 00000000 00:00 0 
7f1aad28b000-7f1aad2a7000 rw-p 00000000 00:00 0 
7f1aad2a7000-7f1aad336000 ---p 00000000 00:00 0 
7f1aad336000-7f1aad348000 rw-p 00000000 00:00 0 
7f1aad348000-7f1aad6f7000 ---p 00000000 00:00 0 
7f1aad6f7000-7f1aad711000 r-xp 00000000 08:01 3284666                    /usr/lib/jvm/java-8-oracle/jre/lib/amd64/libzip.so
7f1aad711000-7f1aad911000 ---p 0001a000 08:01 3284666                    /usr/lib/jvm/java-8-oracle/jre/lib/amd64/libzip.so
7f1aad911000-7f1aad912000 rw-p 0001a000 08:01 3284666                    /usr/lib/jvm/java-8-oracle/jre/lib/amd64/libzip.so
7f1aad912000-7f1aad91d000 r-xp 00000000 08:01 7999875                    /lib/x86_64-linux-gnu/libnss_files-2.23.so
7f1aad91d000-7f1aadb1c000 ---p 0000b000 08:01 7999875                    /lib/x86_64-linux-gnu/libnss_files-2.23.so
7f1aadb1c000-7f1aadb1d000 r--p 0000a000 08:01 7999875                    /lib/x86_64-linux-gnu/libnss_files-2.23.so
7f1aadb1d000-7f1aadb1e000 rw-p 0000b000 08:01 7999875                    /lib/x86_64-linux-gnu/libnss_files-2.23.so
7f1aadb1e000-7f1aadb24000 rw-p 00000000 00:00 0 
7f1aadb24000-7f1aadb2f000 r-xp 00000000 08:01 7999868                    /lib/x86_64-linux-gnu/libnss_nis-2.23.so
7f1aadb2f000-7f1aadd2e000 ---p 0000b000 08:01 7999868                    /lib/x86_64-linux-gnu/libnss_nis-2.23.so
7f1aadd2e000-7f1aadd2f000 r--p 0000a000 08:01 7999868                    /lib/x86_64-linux-gnu/libnss_nis-2.23.so
7f1aadd2f000-7f1aadd30000 rw-p 0000b000 08:01 7999868                    /lib/x86_64-linux-gnu/libnss_nis-2.23.so
7f1aadd30000-7f1aadd46000 r-xp 00000000 08:01 7999864                    /lib/x86_64-linux-gnu/libnsl-2.23.so
7f1aadd46000-7f1aadf45000 ---p 00016000 08:01 7999864                    /lib/x86_64-linux-gnu/libnsl-2.23.so
7f1aadf45000-7f1aadf46000 r--p 00015000 08:01 7999864                    /lib/x86_64-linux-gnu/libnsl-2.23.so
7f1aadf46000-7f1aadf47000 rw-p 00016000 08:01 7999864                    /lib/x86_64-linux-gnu/libnsl-2.23.so
7f1aadf47000-7f1aadf49000 rw-p 00000000 00:00 0 
7f1aadf49000-7f1aadf51000 r-xp 00000000 08:01 7999507                    /lib/x86_64-linux-gnu/libnss_compat-2.23.so
7f1aadf51000-7f1aae150000 ---p 00008000 08:01 7999507                    /lib/x86_64-linux-gnu/libnss_compat-2.23.so
7f1aae150000-7f1aae151000 r--p 00007000 08:01 7999507                    /lib/x86_64-linux-gnu/libnss_compat-2.23.so
7f1aae151000-7f1aae152000 rw-p 00008000 08:01 7999507                    /lib/x86_64-linux-gnu/libnss_compat-2.23.so
7f1aae152000-7f1aae17c000 r-xp 00000000 08:01 3284615                    /usr/lib/jvm/java-8-oracle/jre/lib/amd64/libjava.so
7f1aae17c000-7f1aae37c000 ---p 0002a000 08:01 3284615                    /usr/lib/jvm/java-8-oracle/jre/lib/amd64/libjava.so
7f1aae37c000-7f1aae37e000 rw-p 0002a000 08:01 3284615                    /usr/lib/jvm/java-8-oracle/jre/lib/amd64/libjava.so
7f1aae37e000-7f1aae38b000 r-xp 00000000 08:01 3284672                    /usr/lib/jvm/java-8-oracle/jre/lib/amd64/libverify.so
7f1aae38b000-7f1aae58b000 ---p 0000d000 08:01 3284672                    /usr/lib/jvm/java-8-oracle/jre/lib/amd64/libverify.so
7f1aae58b000-7f1aae58d000 rw-p 0000d000 08:01 3284672                    /usr/lib/jvm/java-8-oracle/jre/lib/amd64/libverify.so
7f1aae58d000-7f1aae594000 r-xp 00000000 08:01 7999892                    /lib/x86_64-linux-gnu/librt-2.23.so
7f1aae594000-7f1aae793000 ---p 00007000 08:01 7999892                    /lib/x86_64-linux-gnu/librt-2.23.so
7f1aae793000-7f1aae794000 r--p 00006000 08:01 7999892                    /lib/x86_64-linux-gnu/librt-2.23.so
7f1aae794000-7f1aae795000 rw-p 00007000 08:01 7999892                    /lib/x86_64-linux-gnu/librt-2.23.so
7f1aae795000-7f1aae89d000 r-xp 00000000 08:01 7999886                    /lib/x86_64-linux-gnu/libm-2.23.so
7f1aae89d000-7f1aaea9c000 ---p 00108000 08:01 7999886                    /lib/x86_64-linux-gnu/libm-2.23.so
7f1aaea9c000-7f1aaea9d000 r--p 00107000 08:01 7999886                    /lib/x86_64-linux-gnu/libm-2.23.so
7f1aaea9d000-7f1aaea9e000 rw-p 00108000 08:01 7999886                    /lib/x86_64-linux-gnu/libm-2.23.so
7f1aaea9e000-7f1aaf75e000 r-xp 00000000 08:01 3284648                    /usr/lib/jvm/java-8-oracle/jre/lib/amd64/server/libjvm.so
7f1aaf75e000-7f1aaf95e000 ---p 00cc0000 08:01 3284648                    /usr/lib/jvm/java-8-oracle/jre/lib/amd64/server/libjvm.so
7f1aaf95e000-7f1aafa36000 rw-p 00cc0000 08:01 3284648                    /usr/lib/jvm/java-8-oracle/jre/lib/amd64/server/libjvm.so
7f1aafa36000-7f1aafa81000 rw-p 00000000 00:00 0 
7f1aafa81000-7f1aafc41000 r-xp 00000000 08:01 7999902                    /lib/x86_64-linux-gnu/libc-2.23.so
7f1aafc41000-7f1aafe40000 ---p 001c0000 08:01 7999902                    /lib/x86_64-linux-gnu/libc-2.23.so
7f1aafe40000-7f1aafe44000 r--p 001bf000 08:01 7999902                    /lib/x86_64-linux-gnu/libc-2.23.so
7f1aafe44000-7f1aafe46000 rw-p 001c3000 08:01 7999902                    /lib/x86_64-linux-gnu/libc-2.23.so
7f1aafe46000-7f1aafe4a000 rw-p 00000000 00:00 0 
7f1aafe4a000-7f1aafe4d000 r-xp 00000000 08:01 7999904                    /lib/x86_64-linux-gnu/libdl-2.23.so
7f1aafe4d000-7f1ab004c000 ---p 00003000 08:01 7999904                    /lib/x86_64-linux-gnu/libdl-2.23.so
7f1ab004c000-7f1ab004d000 r--p 00002000 08:01 7999904                    /lib/x86_64-linux-gnu/libdl-2.23.so
7f1ab004d000-7f1ab004e000 rw-p 00003000 08:01 7999904                    /lib/x86_64-linux-gnu/libdl-2.23.so
7f1ab004e000-7f1ab0063000 r-xp 00000000 08:01 4079274                    /usr/lib/jvm/java-8-oracle/lib/amd64/jli/libjli.so
7f1ab0063000-7f1ab0263000 ---p 00015000 08:01 4079274                    /usr/lib/jvm/java-8-oracle/lib/amd64/jli/libjli.so
7f1ab0263000-7f1ab0264000 rw-p 00015000 08:01 4079274                    /usr/lib/jvm/java-8-oracle/lib/amd64/jli/libjli.so
7f1ab0264000-7f1ab027c000 r-xp 00000000 08:01 7999900                    /lib/x86_64-linux-gnu/libpthread-2.23.so
7f1ab027c000-7f1ab047b000 ---p 00018000 08:01 7999900                    /lib/x86_64-linux-gnu/libpthread-2.23.so
7f1ab047b000-7f1ab047c000 r--p 00017000 08:01 7999900                    /lib/x86_64-linux-gnu/libpthread-2.23.so
7f1ab047c000-7f1ab047d000 rw-p 00018000 08:01 7999900                    /lib/x86_64-linux-gnu/libpthread-2.23.so
7f1ab047d000-7f1ab0481000 rw-p 00000000 00:00 0 
7f1ab0481000-7f1ab04a7000 r-xp 00000000 08:01 7999894                    /lib/x86_64-linux-gnu/ld-2.23.so
7f1ab04b0000-7f1ab0575000 rw-p 00000000 00:00 0 
7f1ab0575000-7f1ab0578000 ---p 00000000 00:00 0 
7f1ab0578000-7f1ab067a000 rw-p 00000000 00:00 0 
7f1ab067d000-7f1ab0686000 r--s 0008c000 08:01 4456525                    /home/ahmed/myData/Udacity/PopularMovies/app/build/intermediates/exploded-aar/com.android.support/appcompat-v7/23.4.0/jars/classes.jar
7f1ab0686000-7f1ab069a000 rw-p 00000000 00:00 0 
7f1ab069a000-7f1ab06a2000 rw-s 00000000 08:01 12854050                   /tmp/hsperfdata_ahmed/30665
7f1ab06a2000-7f1ab06a3000 rw-p 00000000 00:00 0 
7f1ab06a3000-7f1ab06a4000 ---p 00000000 00:00 0 
7f1ab06a4000-7f1ab06a6000 rw-p 00000000 00:00 0 
7f1ab06a6000-7f1ab06a7000 r--p 00025000 08:01 7999894                    /lib/x86_64-linux-gnu/ld-2.23.so
7f1ab06a7000-7f1ab06a8000 rw-p 00026000 08:01 7999894                    /lib/x86_64-linux-gnu/ld-2.23.so
7f1ab06a8000-7f1ab06a9000 rw-p 00000000 00:00 0 
7ffd00028000-7ffd00049000 rw-p 00000000 00:00 0                          [stack]
7ffd00105000-7ffd00107000 r--p 00000000 00:00 0                          [vvar]
7ffd00107000-7ffd00109000 r-xp 00000000 00:00 0                          [vdso]
ffffffffff600000-ffffffffff601000 r-xp 00000000 00:00 0                  [vsyscall]

VM Arguments:
jvm_args: -Djava.awt.headless=true -Xmx1024M -Dfile.encoding=UTF-8 -Duser.country=US -Duser.language=en -Duser.variant 
java_command: com.android.dx.command.Main --dex --force-jumbo --num-threads=4 --multi-dex --output /home/ahmed/myData/Udacity/PopularMovies/app/build/intermediates/transforms/dex/debug/folders/1000/10/com.android.support-appcompat-v7-23.4.0_60220dee43be5447557295cb820293f2bee216f8 /home/ahmed/myData/Udacity/PopularMovies/app/build/intermediates/exploded-aar/com.android.support/appcompat-v7/23.4.0/jars/classes.jar
java_class_path (initial): /home/ahmed/Android/Sdk/build-tools/23.0.3/lib/dx.jar
Launcher Type: SUN_STANDARD

Environment Variables:
JAVA_HOME=/usr/lib/jvm/java-8-oracle
PATH=/usr/local/sbin:/usr/local/bin:/usr/sbin:/usr/bin:/sbin:/bin:/usr/games:/usr/local/games:/snap/bin
LD_LIBRARY_PATH=/home/ahmed/myData/android-studio/bin:
SHELL=/bin/bash
DISPLAY=:0

Signal Handlers:
SIGSEGV: [libjvm.so+0xabca10], sa_mask[0]=11111111011111111101111111111110, sa_flags=SA_RESTART|SA_SIGINFO
SIGBUS: [libjvm.so+0xabca10], sa_mask[0]=11111111011111111101111111111110, sa_flags=SA_RESTART|SA_SIGINFO
SIGFPE: [libjvm.so+0x919a20], sa_mask[0]=11111111011111111101111111111110, sa_flags=SA_RESTART|SA_SIGINFO
SIGPIPE: [libjvm.so+0x919a20], sa_mask[0]=11111111011111111101111111111110, sa_flags=SA_RESTART|SA_SIGINFO
SIGXFSZ: [libjvm.so+0x919a20], sa_mask[0]=11111111011111111101111111111110, sa_flags=SA_RESTART|SA_SIGINFO
SIGILL: [libjvm.so+0x919a20], sa_mask[0]=11111111011111111101111111111110, sa_flags=SA_RESTART|SA_SIGINFO
SIGUSR1: SIG_DFL, sa_mask[0]=00000000000000000000000000000000, sa_flags=none
SIGUSR2: [libjvm.so+0x91b050], sa_mask[0]=00100000000000000000000000000000, sa_flags=SA_RESTART|SA_SIGINFO
SIGHUP: [libjvm.so+0x91c450], sa_mask[0]=11111111011111111101111111111110, sa_flags=SA_RESTART|SA_SIGINFO
SIGINT: [libjvm.so+0x91c450], sa_mask[0]=11111111011111111101111111111110, sa_flags=SA_RESTART|SA_SIGINFO
SIGTERM: [libjvm.so+0x91c450], sa_mask[0]=11111111011111111101111111111110, sa_flags=SA_RESTART|SA_SIGINFO
SIGQUIT: [libjvm.so+0x91c450], sa_mask[0]=11111111011111111101111111111110, sa_flags=SA_RESTART|SA_SIGINFO


---------------  S Y S T E M  ---------------

OS:DISTRIB_ID=Ubuntu
DISTRIB_RELEASE=16.04
DISTRIB_CODENAME=xenial
DISTRIB_DESCRIPTION="Ubuntu 16.04.1 LTS"

uname:Linux 4.4.0-34-generic #53-Ubuntu SMP Wed Jul 27 16:06:39 UTC 2016 x86_64
libc:glibc 2.23 NPTL 2.23 
rlimit: STACK 8192k, CORE 0k, NPROC 23427, NOFILE 65536, AS infinity
load average:7.24 6.49 3.67

/proc/meminfo:
MemTotal:        6033536 kB
MemFree:          144052 kB
MemAvailable:     287448 kB
Buffers:           20800 kB
Cached:           810640 kB
SwapCached:        54904 kB
Active:          4423628 kB
Inactive:        1204332 kB
Active(anon):    4246888 kB
Inactive(anon):  1063484 kB
Active(file):     176740 kB
Inactive(file):   140848 kB
Unevictable:          48 kB
Mlocked:              48 kB
SwapTotal:       6213628 kB
SwapFree:        4981776 kB
Dirty:             32016 kB
Writeback:             0 kB
AnonPages:       4789300 kB
Mapped:           451284 kB
Shmem:            513840 kB
Slab:             128028 kB
SReclaimable:      77212 kB
SUnreclaim:        50816 kB
KernelStack:       16112 kB
PageTables:        64868 kB
NFS_Unstable:          0 kB
Bounce:                0 kB
WritebackTmp:          0 kB
CommitLimit:     9230396 kB
Committed_AS:   13537184 kB
VmallocTotal:   34359738367 kB
VmallocUsed:           0 kB
VmallocChunk:          0 kB
HardwareCorrupted:     0 kB
AnonHugePages:   2263040 kB
CmaTotal:              0 kB
CmaFree:               0 kB
HugePages_Total:       0
HugePages_Free:        0
HugePages_Rsvd:        0
HugePages_Surp:        0
Hugepagesize:       2048 kB
DirectMap4k:      222792 kB
DirectMap2M:     5992448 kB


CPU:total 4 (2 cores per cpu, 2 threads per core) family 6 model 42 stepping 7, cmov, cx8, fxsr, mmx, sse, sse2, sse3, ssse3, sse4.1, sse4.2, popcnt, avx, clmul, ht, tsc, tscinvbit

/proc/cpuinfo:
processor	: 0
vendor_id	: GenuineIntel
cpu family	: 6
model		: 42
model name	: Intel(R) Core(TM) i3-2310M CPU @ 2.10GHz
stepping	: 7
microcode	: 0x14
cpu MHz		: 2100.000
cache size	: 3072 KB
physical id	: 0
siblings	: 4
core id		: 0
cpu cores	: 2
apicid		: 0
initial apicid	: 0
fpu		: yes
fpu_exception	: yes
cpuid level	: 13
wp		: yes
flags		: fpu vme de pse tsc msr pae mce cx8 apic sep mtrr pge mca cmov pat pse36 clflush dts acpi mmx fxsr sse sse2 ss ht tm pbe syscall nx rdtscp lm constant_tsc arch_perfmon pebs bts rep_good nopl xtopology nonstop_tsc aperfmperf eagerfpu pni pclmulqdq dtes64 monitor ds_cpl vmx est tm2 ssse3 cx16 xtpr pdcm pcid sse4_1 sse4_2 x2apic popcnt tsc_deadline_timer xsave avx lahf_lm epb tpr_shadow vnmi flexpriority ept vpid xsaveopt dtherm arat pln pts
bugs		:
bogomips	: 4190.42
clflush size	: 64
cache_alignment	: 64
address sizes	: 36 bits physical, 48 bits virtual
power management:

processor	: 1
vendor_id	: GenuineIntel
cpu family	: 6
model		: 42
model name	: Intel(R) Core(TM) i3-2310M CPU @ 2.10GHz
stepping	: 7
microcode	: 0x14
cpu MHz		: 2100.000
cache size	: 3072 KB
physical id	: 0
siblings	: 4
core id		: 0
cpu cores	: 2
apicid		: 1
initial apicid	: 1
fpu		: yes
fpu_exception	: yes
cpuid level	: 13
wp		: yes
flags		: fpu vme de pse tsc msr pae mce cx8 apic sep mtrr pge mca cmov pat pse36 clflush dts acpi mmx fxsr sse sse2 ss ht tm pbe syscall nx rdtscp lm constant_tsc arch_perfmon pebs bts rep_good nopl xtopology nonstop_tsc aperfmperf eagerfpu pni pclmulqdq dtes64 monitor ds_cpl vmx est tm2 ssse3 cx16 xtpr pdcm pcid sse4_1 sse4_2 x2apic popcnt tsc_deadline_timer xsave avx lahf_lm epb tpr_shadow vnmi flexpriority ept vpid xsaveopt dtherm arat pln pts
bugs		:
bogomips	: 4190.42
clflush size	: 64
cache_alignment	: 64
address sizes	: 36 bits physical, 48 bits virtual
power management:

processor	: 2
vendor_id	: GenuineIntel
cpu family	: 6
model		: 42
model name	: Intel(R) Core(TM) i3-2310M CPU @ 2.10GHz
stepping	: 7
microcode	: 0x14
cpu MHz		: 2099.917
cache size	: 3072 KB
physical id	: 0
siblings	: 4
core id		: 1
cpu cores	: 2
apicid		: 2
initial apicid	: 2
fpu		: yes
fpu_exception	: yes
cpuid level	: 13
wp		: yes
flags		: fpu vme de pse tsc msr pae mce cx8 apic sep mtrr pge mca cmov pat pse36 clflush dts acpi mmx fxsr sse sse2 ss ht tm pbe syscall nx rdtscp lm constant_tsc arch_perfmon pebs bts rep_good nopl xtopology nonstop_tsc aperfmperf eagerfpu pni pclmulqdq dtes64 monitor ds_cpl vmx est tm2 ssse3 cx16 xtpr pdcm pcid sse4_1 sse4_2 x2apic popcnt tsc_deadline_timer xsave avx lahf_lm epb tpr_shadow vnmi flexpriority ept vpid xsaveopt dtherm arat pln pts
bugs		:
bogomips	: 4190.42
clflush size	: 64
cache_alignment	: 64
address sizes	: 36 bits physical, 48 bits virtual
power management:

processor	: 3
vendor_id	: GenuineIntel
cpu family	: 6
model		: 42
model name	: Intel(R) Core(TM) i3-2310M CPU @ 2.10GHz
stepping	: 7
microcode	: 0x14
cpu MHz		: 2100.000
cache size	: 3072 KB
physical id	: 0
siblings	: 4
core id		: 1
cpu cores	: 2
apicid		: 3
initial apicid	: 3
fpu		: yes
fpu_exception	: yes
cpuid level	: 13
wp		: yes
flags		: fpu vme de pse tsc msr pae mce cx8 apic sep mtrr pge mca cmov pat pse36 clflush dts acpi mmx fxsr sse sse2 ss ht tm pbe syscall nx rdtscp lm constant_tsc arch_perfmon pebs bts rep_good nopl xtopology nonstop_tsc aperfmperf eagerfpu pni pclmulqdq dtes64 monitor ds_cpl vmx est tm2 ssse3 cx16 xtpr pdcm pcid sse4_1 sse4_2 x2apic popcnt tsc_deadline_timer xsave avx lahf_lm epb tpr_shadow vnmi flexpriority ept vpid xsaveopt dtherm arat pln pts
bugs		:
bogomips	: 4190.42
clflush size	: 64
cache_alignment	: 64
address sizes	: 36 bits physical, 48 bits virtual
power management:



Memory: 4k page, physical 6033536k(143812k free), swap 6213628k(4981776k free)

vm_info: Java HotSpot(TM) 64-Bit Server VM (25.91-b14) for linux-amd64 JRE (1.8.0_91-b14), built on Apr  1 2016 00:57:21 by "java_re" with gcc 4.3.0 20080428 (Red Hat 4.3.0-8)

time: Sat Aug 20 00:10:56 2016
elapsed time: 5 seconds (0d 0h 0m 5s)

